mode: set
github.com/lagz0ne/c3-design/cli/main.go:20.13,24.18 3 0
github.com/lagz0ne/c3-design/cli/main.go:24.18,27.3 2 0
github.com/lagz0ne/c3-design/cli/main.go:29.2,29.37 1 0
github.com/lagz0ne/c3-design/cli/main.go:29.37,32.3 2 0
github.com/lagz0ne/c3-design/cli/main.go:35.2,35.28 1 0
github.com/lagz0ne/c3-design/cli/main.go:35.28,39.62 4 0
github.com/lagz0ne/c3-design/cli/main.go:39.62,42.4 2 0
github.com/lagz0ne/c3-design/cli/main.go:43.3,43.9 1 0
github.com/lagz0ne/c3-design/cli/main.go:47.2,47.36 1 0
github.com/lagz0ne/c3-design/cli/main.go:47.36,50.3 2 0
github.com/lagz0ne/c3-design/cli/main.go:53.2,53.35 1 0
github.com/lagz0ne/c3-design/cli/main.go:53.35,55.26 2 0
github.com/lagz0ne/c3-design/cli/main.go:55.26,57.4 1 0
github.com/lagz0ne/c3-design/cli/main.go:58.3,62.26 2 0
github.com/lagz0ne/c3-design/cli/main.go:62.26,63.18 1 0
github.com/lagz0ne/c3-design/cli/main.go:64.15,65.29 1 0
github.com/lagz0ne/c3-design/cli/main.go:66.16,67.32 1 0
github.com/lagz0ne/c3-design/cli/main.go:68.28,69.36 1 0
github.com/lagz0ne/c3-design/cli/main.go:72.3,72.24 1 0
github.com/lagz0ne/c3-design/cli/main.go:72.24,74.4 1 0
github.com/lagz0ne/c3-design/cli/main.go:76.3,77.17 2 0
github.com/lagz0ne/c3-design/cli/main.go:78.14,79.41 1 0
github.com/lagz0ne/c3-design/cli/main.go:80.15,81.42 1 0
github.com/lagz0ne/c3-design/cli/main.go:82.15,83.42 1 0
github.com/lagz0ne/c3-design/cli/main.go:84.17,85.44 1 0
github.com/lagz0ne/c3-design/cli/main.go:86.17,87.44 1 0
github.com/lagz0ne/c3-design/cli/main.go:88.11,90.10 2 0
github.com/lagz0ne/c3-design/cli/main.go:92.3,92.17 1 0
github.com/lagz0ne/c3-design/cli/main.go:92.17,95.4 2 0
github.com/lagz0ne/c3-design/cli/main.go:96.3,96.9 1 0
github.com/lagz0ne/c3-design/cli/main.go:100.2,101.17 2 0
github.com/lagz0ne/c3-design/cli/main.go:101.17,105.3 3 0
github.com/lagz0ne/c3-design/cli/main.go:108.2,108.31 1 0
github.com/lagz0ne/c3-design/cli/main.go:108.31,109.70 1 0
github.com/lagz0ne/c3-design/cli/main.go:109.70,112.4 2 0
github.com/lagz0ne/c3-design/cli/main.go:113.3,113.9 1 0
github.com/lagz0ne/c3-design/cli/main.go:117.2,121.39 3 0
github.com/lagz0ne/c3-design/cli/main.go:121.39,122.30 1 0
github.com/lagz0ne/c3-design/cli/main.go:122.30,126.4 2 0
github.com/lagz0ne/c3-design/cli/main.go:127.3,134.13 8 0
github.com/lagz0ne/c3-design/cli/main.go:138.2,139.16 2 0
github.com/lagz0ne/c3-design/cli/main.go:139.16,142.3 2 0
github.com/lagz0ne/c3-design/cli/main.go:143.2,148.22 3 0
github.com/lagz0ne/c3-design/cli/main.go:149.14,150.150 1 0
github.com/lagz0ne/c3-design/cli/main.go:151.15,160.37 2 0
github.com/lagz0ne/c3-design/cli/main.go:161.13,164.26 3 0
github.com/lagz0ne/c3-design/cli/main.go:164.26,166.4 1 0
github.com/lagz0ne/c3-design/cli/main.go:167.3,167.26 1 0
github.com/lagz0ne/c3-design/cli/main.go:167.26,169.4 1 0
github.com/lagz0ne/c3-design/cli/main.go:171.3,173.16 3 0
github.com/lagz0ne/c3-design/cli/main.go:173.16,175.4 1 0
github.com/lagz0ne/c3-design/cli/main.go:176.3,176.67 1 0
github.com/lagz0ne/c3-design/cli/main.go:176.67,189.4 2 0
github.com/lagz0ne/c3-design/cli/main.go:189.9,191.4 1 0
github.com/lagz0ne/c3-design/cli/main.go:192.3,192.30 1 0
github.com/lagz0ne/c3-design/cli/main.go:192.30,196.19 3 0
github.com/lagz0ne/c3-design/cli/main.go:196.19,200.68 3 0
github.com/lagz0ne/c3-design/cli/main.go:200.68,202.6 1 0
github.com/lagz0ne/c3-design/cli/main.go:203.5,205.29 3 0
github.com/lagz0ne/c3-design/cli/main.go:206.10,209.5 1 0
github.com/lagz0ne/c3-design/cli/main.go:211.13,214.26 3 0
github.com/lagz0ne/c3-design/cli/main.go:214.26,216.4 1 0
github.com/lagz0ne/c3-design/cli/main.go:217.3,217.26 1 0
github.com/lagz0ne/c3-design/cli/main.go:217.26,219.4 1 0
github.com/lagz0ne/c3-design/cli/main.go:221.3,221.68 1 0
github.com/lagz0ne/c3-design/cli/main.go:221.68,223.27 2 0
github.com/lagz0ne/c3-design/cli/main.go:223.27,225.5 1 0
github.com/lagz0ne/c3-design/cli/main.go:227.3,236.31 2 0
github.com/lagz0ne/c3-design/cli/main.go:237.24,239.26 2 0
github.com/lagz0ne/c3-design/cli/main.go:239.26,243.4 2 0
github.com/lagz0ne/c3-design/cli/main.go:243.9,244.27 1 0
github.com/lagz0ne/c3-design/cli/main.go:244.27,246.5 1 0
github.com/lagz0ne/c3-design/cli/main.go:247.4,247.27 1 0
github.com/lagz0ne/c3-design/cli/main.go:247.27,249.5 1 0
github.com/lagz0ne/c3-design/cli/main.go:250.4,250.27 1 0
github.com/lagz0ne/c3-design/cli/main.go:250.27,252.5 1 0
github.com/lagz0ne/c3-design/cli/main.go:254.3,254.46 1 0
github.com/lagz0ne/c3-design/cli/main.go:254.46,256.4 1 0
github.com/lagz0ne/c3-design/cli/main.go:256.9,258.4 1 0
github.com/lagz0ne/c3-design/cli/main.go:259.16,260.25 1 0
github.com/lagz0ne/c3-design/cli/main.go:260.25,264.4 3 0
github.com/lagz0ne/c3-design/cli/main.go:265.3,271.8 1 0
github.com/lagz0ne/c3-design/cli/main.go:272.17,277.8 1 0
github.com/lagz0ne/c3-design/cli/main.go:278.18,284.8 1 0
github.com/lagz0ne/c3-design/cli/main.go:285.16,287.26 2 0
github.com/lagz0ne/c3-design/cli/main.go:287.26,289.4 1 0
github.com/lagz0ne/c3-design/cli/main.go:290.3,290.48 1 0
github.com/lagz0ne/c3-design/cli/main.go:291.15,293.26 2 0
github.com/lagz0ne/c3-design/cli/main.go:293.26,295.4 1 0
github.com/lagz0ne/c3-design/cli/main.go:296.3,296.21 1 0
github.com/lagz0ne/c3-design/cli/main.go:296.21,300.4 3 0
github.com/lagz0ne/c3-design/cli/main.go:301.3,309.8 1 0
github.com/lagz0ne/c3-design/cli/main.go:310.16,312.26 2 0
github.com/lagz0ne/c3-design/cli/main.go:312.26,314.4 1 0
github.com/lagz0ne/c3-design/cli/main.go:315.3,320.8 1 0
github.com/lagz0ne/c3-design/cli/main.go:321.15,323.26 2 0
github.com/lagz0ne/c3-design/cli/main.go:323.26,325.4 1 0
github.com/lagz0ne/c3-design/cli/main.go:326.3,332.8 1 0
github.com/lagz0ne/c3-design/cli/main.go:333.14,335.26 2 0
github.com/lagz0ne/c3-design/cli/main.go:335.26,337.4 1 0
github.com/lagz0ne/c3-design/cli/main.go:338.3,338.60 1 0
github.com/lagz0ne/c3-design/cli/main.go:339.16,341.26 2 0
github.com/lagz0ne/c3-design/cli/main.go:341.26,343.4 1 0
github.com/lagz0ne/c3-design/cli/main.go:344.3,349.8 1 0
github.com/lagz0ne/c3-design/cli/main.go:350.16,352.26 2 0
github.com/lagz0ne/c3-design/cli/main.go:352.26,354.4 1 0
github.com/lagz0ne/c3-design/cli/main.go:355.3,359.8 1 0
github.com/lagz0ne/c3-design/cli/main.go:360.10,363.13 3 0
github.com/lagz0ne/c3-design/cli/main.go:366.2,366.16 1 0
github.com/lagz0ne/c3-design/cli/main.go:366.16,369.3 2 0
github.com/lagz0ne/c3-design/cli/main.go:372.23,374.16 2 0
github.com/lagz0ne/c3-design/cli/main.go:374.16,377.3 2 0
github.com/lagz0ne/c3-design/cli/main.go:378.2,378.12 1 0
github.com/lagz0ne/c3-design/cli/main.go:381.35,384.2 2 0
github.com/lagz0ne/c3-design/cli/main.go:386.42,388.16 2 0
github.com/lagz0ne/c3-design/cli/main.go:388.16,390.3 1 0
github.com/lagz0ne/c3-design/cli/main.go:391.2,391.28 1 0
github.com/lagz0ne/c3-design/cli/main.go:391.28,392.52 1 0
github.com/lagz0ne/c3-design/cli/main.go:392.52,394.4 1 0
github.com/lagz0ne/c3-design/cli/main.go:396.3,396.40 1 0
github.com/lagz0ne/c3-design/cli/main.go:396.40,398.34 2 0
github.com/lagz0ne/c3-design/cli/main.go:398.34,399.56 1 0
github.com/lagz0ne/c3-design/cli/main.go:399.56,401.6 1 0
github.com/lagz0ne/c3-design/cli/main.go:405.2,405.14 1 0
github.com/lagz0ne/c3-design/cli/main.go:408.66,411.16 2 0
github.com/lagz0ne/c3-design/cli/main.go:411.16,414.3 2 0
github.com/lagz0ne/c3-design/cli/main.go:415.2,426.57 3 0
github.com/lagz0ne/c3-design/cli/main.go:426.57,429.3 2 0
github.com/lagz0ne/c3-design/cli/internal/templates/templates.go:12.40,14.16 2 1
github.com/lagz0ne/c3-design/cli/internal/templates/templates.go:14.16,16.3 1 1
github.com/lagz0ne/c3-design/cli/internal/templates/templates.go:17.2,17.26 1 1
github.com/lagz0ne/c3-design/cli/internal/templates/templates.go:22.74,24.16 2 1
github.com/lagz0ne/c3-design/cli/internal/templates/templates.go:24.16,26.3 1 0
github.com/lagz0ne/c3-design/cli/internal/templates/templates.go:27.2,27.33 1 1
github.com/lagz0ne/c3-design/cli/internal/templates/templates.go:27.33,29.3 1 1
github.com/lagz0ne/c3-design/cli/internal/templates/templates.go:30.2,30.21 1 1
github.com/lagz0ne/c3-design/cli/internal/markdown/markdown.go:24.43,32.29 7 1
github.com/lagz0ne/c3-design/cli/internal/markdown/markdown.go:32.29,36.40 2 1
github.com/lagz0ne/c3-design/cli/internal/markdown/markdown.go:36.40,38.4 1 1
github.com/lagz0ne/c3-design/cli/internal/markdown/markdown.go:40.3,40.91 1 1
github.com/lagz0ne/c3-design/cli/internal/markdown/markdown.go:40.91,42.15 1 1
github.com/lagz0ne/c3-design/cli/internal/markdown/markdown.go:42.15,47.5 1 1
github.com/lagz0ne/c3-design/cli/internal/markdown/markdown.go:48.4,50.18 3 1
github.com/lagz0ne/c3-design/cli/internal/markdown/markdown.go:51.9,52.16 1 1
github.com/lagz0ne/c3-design/cli/internal/markdown/markdown.go:52.16,57.5 3 1
github.com/lagz0ne/c3-design/cli/internal/markdown/markdown.go:57.10,59.5 1 1
github.com/lagz0ne/c3-design/cli/internal/markdown/markdown.go:64.2,64.13 1 1
github.com/lagz0ne/c3-design/cli/internal/markdown/markdown.go:64.13,69.3 1 1
github.com/lagz0ne/c3-design/cli/internal/markdown/markdown.go:71.2,71.17 1 1
github.com/lagz0ne/c3-design/cli/internal/markdown/markdown.go:75.41,77.2 1 1
github.com/lagz0ne/c3-design/cli/internal/markdown/markdown.go:80.50,85.29 3 1
github.com/lagz0ne/c3-design/cli/internal/markdown/markdown.go:85.29,87.20 2 1
github.com/lagz0ne/c3-design/cli/internal/markdown/markdown.go:87.20,88.12 1 0
github.com/lagz0ne/c3-design/cli/internal/markdown/markdown.go:90.3,90.41 1 1
github.com/lagz0ne/c3-design/cli/internal/markdown/markdown.go:90.41,91.12 1 1
github.com/lagz0ne/c3-design/cli/internal/markdown/markdown.go:93.3,93.36 1 1
github.com/lagz0ne/c3-design/cli/internal/markdown/markdown.go:96.2,96.23 1 1
github.com/lagz0ne/c3-design/cli/internal/markdown/markdown.go:96.23,98.3 1 1
github.com/lagz0ne/c3-design/cli/internal/markdown/markdown.go:101.2,102.23 2 1
github.com/lagz0ne/c3-design/cli/internal/markdown/markdown.go:102.23,104.3 1 0
github.com/lagz0ne/c3-design/cli/internal/markdown/markdown.go:107.2,109.29 3 1
github.com/lagz0ne/c3-design/cli/internal/markdown/markdown.go:109.29,111.21 2 1
github.com/lagz0ne/c3-design/cli/internal/markdown/markdown.go:111.21,113.9 2 0
github.com/lagz0ne/c3-design/cli/internal/markdown/markdown.go:116.2,116.18 1 1
github.com/lagz0ne/c3-design/cli/internal/markdown/markdown.go:116.18,118.3 1 0
github.com/lagz0ne/c3-design/cli/internal/markdown/markdown.go:121.2,122.36 2 1
github.com/lagz0ne/c3-design/cli/internal/markdown/markdown.go:122.36,124.33 2 1
github.com/lagz0ne/c3-design/cli/internal/markdown/markdown.go:124.33,126.4 1 1
github.com/lagz0ne/c3-design/cli/internal/markdown/markdown.go:127.3,128.29 2 1
github.com/lagz0ne/c3-design/cli/internal/markdown/markdown.go:128.29,130.4 1 1
github.com/lagz0ne/c3-design/cli/internal/markdown/markdown.go:131.3,131.27 1 1
github.com/lagz0ne/c3-design/cli/internal/markdown/markdown.go:134.2,134.17 1 1
github.com/lagz0ne/c3-design/cli/internal/markdown/markdown.go:134.17,136.3 1 1
github.com/lagz0ne/c3-design/cli/internal/markdown/markdown.go:138.2,138.50 1 1
github.com/lagz0ne/c3-design/cli/internal/markdown/markdown.go:142.39,146.34 2 1
github.com/lagz0ne/c3-design/cli/internal/markdown/markdown.go:146.34,148.3 1 1
github.com/lagz0ne/c3-design/cli/internal/markdown/markdown.go:149.2,149.34 1 1
github.com/lagz0ne/c3-design/cli/internal/markdown/markdown.go:149.34,151.3 1 1
github.com/lagz0ne/c3-design/cli/internal/markdown/markdown.go:154.2,156.33 3 1
github.com/lagz0ne/c3-design/cli/internal/markdown/markdown.go:156.33,157.61 1 1
github.com/lagz0ne/c3-design/cli/internal/markdown/markdown.go:157.61,160.4 2 1
github.com/lagz0ne/c3-design/cli/internal/markdown/markdown.go:160.9,160.28 1 1
github.com/lagz0ne/c3-design/cli/internal/markdown/markdown.go:160.28,163.4 2 1
github.com/lagz0ne/c3-design/cli/internal/markdown/markdown.go:163.9,165.4 1 1
github.com/lagz0ne/c3-design/cli/internal/markdown/markdown.go:167.2,169.14 2 1
github.com/lagz0ne/c3-design/cli/internal/markdown/markdown.go:173.34,184.22 7 1
github.com/lagz0ne/c3-design/cli/internal/markdown/markdown.go:184.22,186.3 1 1
github.com/lagz0ne/c3-design/cli/internal/markdown/markdown.go:187.2,190.29 2 1
github.com/lagz0ne/c3-design/cli/internal/markdown/markdown.go:190.29,193.31 3 1
github.com/lagz0ne/c3-design/cli/internal/markdown/markdown.go:193.31,195.4 1 1
github.com/lagz0ne/c3-design/cli/internal/markdown/markdown.go:196.3,198.23 3 1
github.com/lagz0ne/c3-design/cli/internal/markdown/markdown.go:201.2,201.45 1 1
github.com/lagz0ne/c3-design/cli/internal/markdown/markdown.go:205.82,209.26 3 1
github.com/lagz0ne/c3-design/cli/internal/markdown/markdown.go:209.26,210.31 1 1
github.com/lagz0ne/c3-design/cli/internal/markdown/markdown.go:210.31,213.9 3 1
github.com/lagz0ne/c3-design/cli/internal/markdown/markdown.go:217.2,217.12 1 1
github.com/lagz0ne/c3-design/cli/internal/markdown/markdown.go:217.12,219.3 1 1
github.com/lagz0ne/c3-design/cli/internal/markdown/markdown.go:221.2,221.40 1 1
github.com/lagz0ne/c3-design/cli/internal/markdown/markdown.go:226.65,231.43 3 1
github.com/lagz0ne/c3-design/cli/internal/markdown/markdown.go:231.43,233.3 1 1
github.com/lagz0ne/c3-design/cli/internal/markdown/markdown.go:234.2,236.29 2 1
github.com/lagz0ne/c3-design/cli/internal/markdown/markdown.go:236.29,237.19 1 1
github.com/lagz0ne/c3-design/cli/internal/markdown/markdown.go:237.19,239.23 1 1
github.com/lagz0ne/c3-design/cli/internal/markdown/markdown.go:239.23,242.5 2 0
github.com/lagz0ne/c3-design/cli/internal/markdown/markdown.go:243.9,247.23 4 1
github.com/lagz0ne/c3-design/cli/internal/markdown/markdown.go:247.23,251.5 3 1
github.com/lagz0ne/c3-design/cli/internal/markdown/markdown.go:251.10,253.5 1 0
github.com/lagz0ne/c3-design/cli/internal/markdown/markdown.go:256.3,256.64 1 1
github.com/lagz0ne/c3-design/cli/internal/markdown/markdown.go:256.64,258.63 1 1
github.com/lagz0ne/c3-design/cli/internal/markdown/markdown.go:258.64,260.5 0 1
github.com/lagz0ne/c3-design/cli/internal/markdown/markdown.go:264.2,266.38 2 1
github.com/lagz0ne/c3-design/cli/internal/markdown/markdown.go:266.38,268.3 1 0
github.com/lagz0ne/c3-design/cli/internal/markdown/markdown.go:270.2,270.15 1 1
github.com/lagz0ne/c3-design/cli/internal/markdown/markdown.go:274.87,277.2 2 1
github.com/lagz0ne/c3-design/cli/internal/markdown/markdown.go:280.93,282.16 2 1
github.com/lagz0ne/c3-design/cli/internal/markdown/markdown.go:282.16,284.3 1 0
github.com/lagz0ne/c3-design/cli/internal/markdown/markdown.go:285.2,285.18 1 1
github.com/lagz0ne/c3-design/cli/internal/markdown/markdown.go:285.18,287.3 1 0
github.com/lagz0ne/c3-design/cli/internal/markdown/markdown.go:289.2,290.52 2 1
github.com/lagz0ne/c3-design/cli/internal/markdown/markdown.go:294.79,298.26 3 1
github.com/lagz0ne/c3-design/cli/internal/markdown/markdown.go:298.26,299.38 1 1
github.com/lagz0ne/c3-design/cli/internal/markdown/markdown.go:299.38,301.9 2 1
github.com/lagz0ne/c3-design/cli/internal/markdown/markdown.go:305.2,305.20 1 1
github.com/lagz0ne/c3-design/cli/internal/markdown/markdown.go:305.20,307.3 1 1
github.com/lagz0ne/c3-design/cli/internal/markdown/markdown.go:310.2,314.29 4 1
github.com/lagz0ne/c3-design/cli/internal/markdown/markdown.go:314.29,316.76 2 1
github.com/lagz0ne/c3-design/cli/internal/markdown/markdown.go:316.76,319.4 2 1
github.com/lagz0ne/c3-design/cli/internal/markdown/markdown.go:319.9,319.38 1 1
github.com/lagz0ne/c3-design/cli/internal/markdown/markdown.go:319.38,321.9 1 0
github.com/lagz0ne/c3-design/cli/internal/markdown/markdown.go:322.9,322.21 1 1
github.com/lagz0ne/c3-design/cli/internal/markdown/markdown.go:322.21,323.9 1 0
github.com/lagz0ne/c3-design/cli/internal/markdown/markdown.go:327.2,327.26 1 1
github.com/lagz0ne/c3-design/cli/internal/markdown/markdown.go:327.26,329.3 1 1
github.com/lagz0ne/c3-design/cli/internal/markdown/markdown.go:331.2,331.51 1 1
github.com/lagz0ne/c3-design/cli/internal/schema/schema.go:93.46,95.2 1 1
github.com/lagz0ne/c3-design/cli/internal/schema/schema.go:98.55,99.41 1 1
github.com/lagz0ne/c3-design/cli/internal/schema/schema.go:99.41,100.28 1 1
github.com/lagz0ne/c3-design/cli/internal/schema/schema.go:100.28,102.4 1 1
github.com/lagz0ne/c3-design/cli/internal/schema/schema.go:104.2,104.11 1 1
github.com/lagz0ne/c3-design/cli/internal/numbering/numbering.go:14.49,16.26 2 1
github.com/lagz0ne/c3-design/cli/internal/numbering/numbering.go:16.26,18.3 1 1
github.com/lagz0ne/c3-design/cli/internal/numbering/numbering.go:20.2,21.31 2 1
github.com/lagz0ne/c3-design/cli/internal/numbering/numbering.go:21.31,24.17 3 1
github.com/lagz0ne/c3-design/cli/internal/numbering/numbering.go:24.17,25.12 1 0
github.com/lagz0ne/c3-design/cli/internal/numbering/numbering.go:27.3,27.14 1 1
github.com/lagz0ne/c3-design/cli/internal/numbering/numbering.go:27.14,29.4 1 1
github.com/lagz0ne/c3-design/cli/internal/numbering/numbering.go:31.2,31.16 1 1
github.com/lagz0ne/c3-design/cli/internal/numbering/numbering.go:36.93,41.31 4 1
github.com/lagz0ne/c3-design/cli/internal/numbering/numbering.go:41.31,42.39 1 1
github.com/lagz0ne/c3-design/cli/internal/numbering/numbering.go:42.39,43.12 1 0
github.com/lagz0ne/c3-design/cli/internal/numbering/numbering.go:45.3,47.17 3 1
github.com/lagz0ne/c3-design/cli/internal/numbering/numbering.go:47.17,48.12 1 0
github.com/lagz0ne/c3-design/cli/internal/numbering/numbering.go:50.3,50.25 1 1
github.com/lagz0ne/c3-design/cli/internal/numbering/numbering.go:53.2,53.13 1 1
github.com/lagz0ne/c3-design/cli/internal/numbering/numbering.go:53.13,55.26 2 1
github.com/lagz0ne/c3-design/cli/internal/numbering/numbering.go:55.26,56.26 1 1
github.com/lagz0ne/c3-design/cli/internal/numbering/numbering.go:56.26,58.5 1 1
github.com/lagz0ne/c3-design/cli/internal/numbering/numbering.go:60.3,61.59 2 1
github.com/lagz0ne/c3-design/cli/internal/numbering/numbering.go:65.2,66.25 2 1
github.com/lagz0ne/c3-design/cli/internal/numbering/numbering.go:66.25,67.34 1 1
github.com/lagz0ne/c3-design/cli/internal/numbering/numbering.go:67.34,69.4 1 1
github.com/lagz0ne/c3-design/cli/internal/numbering/numbering.go:71.2,72.14 2 1
github.com/lagz0ne/c3-design/cli/internal/numbering/numbering.go:72.14,74.3 1 1
github.com/lagz0ne/c3-design/cli/internal/numbering/numbering.go:75.2,75.58 1 1
github.com/lagz0ne/c3-design/cli/internal/numbering/numbering.go:79.36,82.2 2 1
github.com/lagz0ne/c3-design/cli/internal/frontmatter/frontmatter.go:23.34,24.11 1 1
github.com/lagz0ne/c3-design/cli/internal/frontmatter/frontmatter.go:25.18,26.19 1 1
github.com/lagz0ne/c3-design/cli/internal/frontmatter/frontmatter.go:27.20,28.21 1 1
github.com/lagz0ne/c3-design/cli/internal/frontmatter/frontmatter.go:29.20,30.21 1 1
github.com/lagz0ne/c3-design/cli/internal/frontmatter/frontmatter.go:31.14,32.15 1 1
github.com/lagz0ne/c3-design/cli/internal/frontmatter/frontmatter.go:33.14,34.15 1 1
github.com/lagz0ne/c3-design/cli/internal/frontmatter/frontmatter.go:35.17,36.18 1 1
github.com/lagz0ne/c3-design/cli/internal/frontmatter/frontmatter.go:37.15,38.16 1 1
github.com/lagz0ne/c3-design/cli/internal/frontmatter/frontmatter.go:39.10,40.19 1 1
github.com/lagz0ne/c3-design/cli/internal/frontmatter/frontmatter.go:75.62,76.42 1 1
github.com/lagz0ne/c3-design/cli/internal/frontmatter/frontmatter.go:76.42,78.3 1 1
github.com/lagz0ne/c3-design/cli/internal/frontmatter/frontmatter.go:80.2,82.15 3 1
github.com/lagz0ne/c3-design/cli/internal/frontmatter/frontmatter.go:82.15,84.46 1 1
github.com/lagz0ne/c3-design/cli/internal/frontmatter/frontmatter.go:84.46,87.4 2 1
github.com/lagz0ne/c3-design/cli/internal/frontmatter/frontmatter.go:87.9,89.4 1 1
github.com/lagz0ne/c3-design/cli/internal/frontmatter/frontmatter.go:90.8,92.3 1 1
github.com/lagz0ne/c3-design/cli/internal/frontmatter/frontmatter.go:94.2,97.62 3 1
github.com/lagz0ne/c3-design/cli/internal/frontmatter/frontmatter.go:97.62,99.3 1 1
github.com/lagz0ne/c3-design/cli/internal/frontmatter/frontmatter.go:102.2,102.24 1 1
github.com/lagz0ne/c3-design/cli/internal/frontmatter/frontmatter.go:102.24,103.15 1 1
github.com/lagz0ne/c3-design/cli/internal/frontmatter/frontmatter.go:103.15,105.4 1 1
github.com/lagz0ne/c3-design/cli/internal/frontmatter/frontmatter.go:109.2,109.46 1 1
github.com/lagz0ne/c3-design/cli/internal/frontmatter/frontmatter.go:109.46,110.47 1 1
github.com/lagz0ne/c3-design/cli/internal/frontmatter/frontmatter.go:110.47,115.32 4 1
github.com/lagz0ne/c3-design/cli/internal/frontmatter/frontmatter.go:115.32,117.5 1 1
github.com/lagz0ne/c3-design/cli/internal/frontmatter/frontmatter.go:118.4,118.32 1 1
github.com/lagz0ne/c3-design/cli/internal/frontmatter/frontmatter.go:118.32,119.17 1 1
github.com/lagz0ne/c3-design/cli/internal/frontmatter/frontmatter.go:119.17,121.6 1 1
github.com/lagz0ne/c3-design/cli/internal/frontmatter/frontmatter.go:123.4,123.27 1 1
github.com/lagz0ne/c3-design/cli/internal/frontmatter/frontmatter.go:124.9,127.4 1 1
github.com/lagz0ne/c3-design/cli/internal/frontmatter/frontmatter.go:128.3,128.22 1 1
github.com/lagz0ne/c3-design/cli/internal/frontmatter/frontmatter.go:132.2,133.9 2 1
github.com/lagz0ne/c3-design/cli/internal/frontmatter/frontmatter.go:133.9,135.3 1 1
github.com/lagz0ne/c3-design/cli/internal/frontmatter/frontmatter.go:136.2,137.9 2 1
github.com/lagz0ne/c3-design/cli/internal/frontmatter/frontmatter.go:137.9,139.3 1 0
github.com/lagz0ne/c3-design/cli/internal/frontmatter/frontmatter.go:140.2,140.17 1 1
github.com/lagz0ne/c3-design/cli/internal/frontmatter/frontmatter.go:140.17,142.3 1 0
github.com/lagz0ne/c3-design/cli/internal/frontmatter/frontmatter.go:145.2,146.16 2 1
github.com/lagz0ne/c3-design/cli/internal/frontmatter/frontmatter.go:146.16,148.3 1 0
github.com/lagz0ne/c3-design/cli/internal/frontmatter/frontmatter.go:150.2,151.53 2 1
github.com/lagz0ne/c3-design/cli/internal/frontmatter/frontmatter.go:151.53,153.3 1 0
github.com/lagz0ne/c3-design/cli/internal/frontmatter/frontmatter.go:155.2,155.18 1 1
github.com/lagz0ne/c3-design/cli/internal/frontmatter/frontmatter.go:159.43,160.21 1 1
github.com/lagz0ne/c3-design/cli/internal/frontmatter/frontmatter.go:160.21,162.3 1 1
github.com/lagz0ne/c3-design/cli/internal/frontmatter/frontmatter.go:163.2,163.28 1 1
github.com/lagz0ne/c3-design/cli/internal/frontmatter/frontmatter.go:163.28,165.3 1 1
github.com/lagz0ne/c3-design/cli/internal/frontmatter/frontmatter.go:166.2,166.28 1 1
github.com/lagz0ne/c3-design/cli/internal/frontmatter/frontmatter.go:166.28,168.3 1 1
github.com/lagz0ne/c3-design/cli/internal/frontmatter/frontmatter.go:169.2,169.58 1 1
github.com/lagz0ne/c3-design/cli/internal/frontmatter/frontmatter.go:169.58,171.3 1 1
github.com/lagz0ne/c3-design/cli/internal/frontmatter/frontmatter.go:172.2,172.64 1 1
github.com/lagz0ne/c3-design/cli/internal/frontmatter/frontmatter.go:172.64,174.3 1 1
github.com/lagz0ne/c3-design/cli/internal/frontmatter/frontmatter.go:175.2,175.60 1 1
github.com/lagz0ne/c3-design/cli/internal/frontmatter/frontmatter.go:175.60,177.3 1 1
github.com/lagz0ne/c3-design/cli/internal/frontmatter/frontmatter.go:178.2,178.38 1 1
github.com/lagz0ne/c3-design/cli/internal/frontmatter/frontmatter.go:178.38,180.3 1 1
github.com/lagz0ne/c3-design/cli/internal/frontmatter/frontmatter.go:181.2,181.19 1 1
github.com/lagz0ne/c3-design/cli/internal/frontmatter/frontmatter.go:185.44,186.25 1 1
github.com/lagz0ne/c3-design/cli/internal/frontmatter/frontmatter.go:187.21,189.28 2 1
github.com/lagz0ne/c3-design/cli/internal/frontmatter/frontmatter.go:189.28,190.34 1 1
github.com/lagz0ne/c3-design/cli/internal/frontmatter/frontmatter.go:190.34,192.5 1 1
github.com/lagz0ne/c3-design/cli/internal/frontmatter/frontmatter.go:194.3,194.13 1 1
github.com/lagz0ne/c3-design/cli/internal/frontmatter/frontmatter.go:195.16,196.13 1 1
github.com/lagz0ne/c3-design/cli/internal/frontmatter/frontmatter.go:198.2,198.12 1 1
github.com/lagz0ne/c3-design/cli/internal/frontmatter/frontmatter.go:202.37,203.45 1 1
github.com/lagz0ne/c3-design/cli/internal/frontmatter/frontmatter.go:203.45,205.3 1 1
github.com/lagz0ne/c3-design/cli/internal/frontmatter/frontmatter.go:206.2,206.12 1 1
github.com/lagz0ne/c3-design/cli/internal/frontmatter/frontmatter.go:210.52,212.21 2 1
github.com/lagz0ne/c3-design/cli/internal/frontmatter/frontmatter.go:212.21,214.3 1 1
github.com/lagz0ne/c3-design/cli/internal/frontmatter/frontmatter.go:215.2,218.33 4 1
github.com/lagz0ne/c3-design/cli/internal/frontmatter/frontmatter.go:218.33,220.3 1 1
github.com/lagz0ne/c3-design/cli/internal/frontmatter/frontmatter.go:221.2,222.17 2 1
github.com/lagz0ne/c3-design/cli/internal/frontmatter/frontmatter.go:222.17,224.3 1 1
github.com/lagz0ne/c3-design/cli/internal/frontmatter/frontmatter.go:225.2,225.13 1 1
github.com/lagz0ne/c3-design/cli/internal/wiring/wiring.go:13.103,15.16 2 1
github.com/lagz0ne/c3-design/cli/internal/wiring/wiring.go:15.16,17.3 1 0
github.com/lagz0ne/c3-design/cli/internal/wiring/wiring.go:18.2,21.16 3 1
github.com/lagz0ne/c3-design/cli/internal/wiring/wiring.go:21.16,23.3 1 1
github.com/lagz0ne/c3-design/cli/internal/wiring/wiring.go:26.2,33.80 5 1
github.com/lagz0ne/c3-design/cli/internal/wiring/wiring.go:33.80,35.3 1 0
github.com/lagz0ne/c3-design/cli/internal/wiring/wiring.go:36.2,36.13 1 1
github.com/lagz0ne/c3-design/cli/internal/config/config.go:10.40,12.16 2 1
github.com/lagz0ne/c3-design/cli/internal/config/config.go:12.16,14.3 1 0
github.com/lagz0ne/c3-design/cli/internal/config/config.go:16.2,16.6 1 1
github.com/lagz0ne/c3-design/cli/internal/config/config.go:16.6,19.33 3 1
github.com/lagz0ne/c3-design/cli/internal/config/config.go:19.33,21.4 1 1
github.com/lagz0ne/c3-design/cli/internal/config/config.go:23.3,24.20 2 1
github.com/lagz0ne/c3-design/cli/internal/config/config.go:24.20,26.4 1 1
github.com/lagz0ne/c3-design/cli/internal/config/config.go:27.3,27.15 1 1
github.com/lagz0ne/c3-design/cli/internal/config/config.go:32.60,33.20 1 1
github.com/lagz0ne/c3-design/cli/internal/config/config.go:33.20,35.3 1 1
github.com/lagz0ne/c3-design/cli/internal/config/config.go:36.2,36.28 1 1
github.com/lagz0ne/c3-design/cli/internal/config/config.go:40.38,42.2 1 1
github.com/lagz0ne/c3-design/cli/internal/walker/walker.go:42.64,44.16 2 1
github.com/lagz0ne/c3-design/cli/internal/walker/walker.go:44.16,46.3 1 0
github.com/lagz0ne/c3-design/cli/internal/walker/walker.go:47.2,47.25 1 1
github.com/lagz0ne/c3-design/cli/internal/walker/walker.go:51.64,54.83 2 1
github.com/lagz0ne/c3-design/cli/internal/walker/walker.go:54.83,55.17 1 1
github.com/lagz0ne/c3-design/cli/internal/walker/walker.go:55.17,57.4 1 0
github.com/lagz0ne/c3-design/cli/internal/walker/walker.go:58.3,58.46 1 1
github.com/lagz0ne/c3-design/cli/internal/walker/walker.go:58.46,60.4 1 1
github.com/lagz0ne/c3-design/cli/internal/walker/walker.go:61.3,61.61 1 1
github.com/lagz0ne/c3-design/cli/internal/walker/walker.go:61.61,63.4 1 1
github.com/lagz0ne/c3-design/cli/internal/walker/walker.go:64.3,65.17 2 1
github.com/lagz0ne/c3-design/cli/internal/walker/walker.go:65.17,67.4 1 0
github.com/lagz0ne/c3-design/cli/internal/walker/walker.go:68.3,71.16 4 1
github.com/lagz0ne/c3-design/cli/internal/walker/walker.go:71.16,77.4 1 1
github.com/lagz0ne/c3-design/cli/internal/walker/walker.go:77.9,77.45 1 1
github.com/lagz0ne/c3-design/cli/internal/walker/walker.go:77.45,79.4 1 0
github.com/lagz0ne/c3-design/cli/internal/walker/walker.go:80.3,80.13 1 1
github.com/lagz0ne/c3-design/cli/internal/walker/walker.go:83.2,83.16 1 1
github.com/lagz0ne/c3-design/cli/internal/walker/walker.go:83.16,85.3 1 0
github.com/lagz0ne/c3-design/cli/internal/walker/walker.go:86.2,86.20 1 1
github.com/lagz0ne/c3-design/cli/internal/walker/walker.go:93.43,95.22 2 1
github.com/lagz0ne/c3-design/cli/internal/walker/walker.go:95.22,97.44 2 1
github.com/lagz0ne/c3-design/cli/internal/walker/walker.go:97.44,99.4 1 1
github.com/lagz0ne/c3-design/cli/internal/walker/walker.go:100.3,101.51 2 1
github.com/lagz0ne/c3-design/cli/internal/walker/walker.go:103.2,103.47 1 1
github.com/lagz0ne/c3-design/cli/internal/walker/walker.go:107.56,113.27 2 1
github.com/lagz0ne/c3-design/cli/internal/walker/walker.go:113.27,115.40 2 1
github.com/lagz0ne/c3-design/cli/internal/walker/walker.go:115.40,116.12 1 0
github.com/lagz0ne/c3-design/cli/internal/walker/walker.go:119.3,120.18 2 1
github.com/lagz0ne/c3-design/cli/internal/walker/walker.go:120.18,122.4 1 1
github.com/lagz0ne/c3-design/cli/internal/walker/walker.go:124.3,136.56 3 1
github.com/lagz0ne/c3-design/cli/internal/walker/walker.go:139.2,139.10 1 1
github.com/lagz0ne/c3-design/cli/internal/walker/walker.go:143.29,145.2 1 1
github.com/lagz0ne/c3-design/cli/internal/walker/walker.go:148.44,150.2 1 1
github.com/lagz0ne/c3-design/cli/internal/walker/walker.go:153.37,155.31 2 1
github.com/lagz0ne/c3-design/cli/internal/walker/walker.go:155.31,157.3 1 1
github.com/lagz0ne/c3-design/cli/internal/walker/walker.go:158.2,158.15 1 1
github.com/lagz0ne/c3-design/cli/internal/walker/walker.go:162.61,164.2 1 1
github.com/lagz0ne/c3-design/cli/internal/walker/walker.go:167.57,169.31 2 1
github.com/lagz0ne/c3-design/cli/internal/walker/walker.go:169.31,170.39 1 1
github.com/lagz0ne/c3-design/cli/internal/walker/walker.go:170.39,172.4 1 1
github.com/lagz0ne/c3-design/cli/internal/walker/walker.go:174.2,174.15 1 1
github.com/lagz0ne/c3-design/cli/internal/walker/walker.go:178.56,180.19 2 1
github.com/lagz0ne/c3-design/cli/internal/walker/walker.go:180.19,182.3 1 0
github.com/lagz0ne/c3-design/cli/internal/walker/walker.go:183.2,184.48 2 1
github.com/lagz0ne/c3-design/cli/internal/walker/walker.go:184.48,185.43 1 1
github.com/lagz0ne/c3-design/cli/internal/walker/walker.go:185.43,187.4 1 1
github.com/lagz0ne/c3-design/cli/internal/walker/walker.go:189.2,189.15 1 1
github.com/lagz0ne/c3-design/cli/internal/walker/walker.go:193.53,195.31 2 1
github.com/lagz0ne/c3-design/cli/internal/walker/walker.go:195.31,196.82 1 1
github.com/lagz0ne/c3-design/cli/internal/walker/walker.go:196.82,198.4 1 1
github.com/lagz0ne/c3-design/cli/internal/walker/walker.go:200.2,200.15 1 1
github.com/lagz0ne/c3-design/cli/internal/walker/walker.go:205.50,207.19 2 1
github.com/lagz0ne/c3-design/cli/internal/walker/walker.go:207.19,209.3 1 0
github.com/lagz0ne/c3-design/cli/internal/walker/walker.go:211.2,214.56 3 1
github.com/lagz0ne/c3-design/cli/internal/walker/walker.go:214.56,215.58 1 1
github.com/lagz0ne/c3-design/cli/internal/walker/walker.go:215.58,217.4 1 1
github.com/lagz0ne/c3-design/cli/internal/walker/walker.go:220.2,220.77 1 1
github.com/lagz0ne/c3-design/cli/internal/walker/walker.go:220.77,222.3 1 1
github.com/lagz0ne/c3-design/cli/internal/walker/walker.go:224.2,224.15 1 1
github.com/lagz0ne/c3-design/cli/internal/walker/walker.go:228.50,230.31 2 1
github.com/lagz0ne/c3-design/cli/internal/walker/walker.go:230.31,231.105 1 1
github.com/lagz0ne/c3-design/cli/internal/walker/walker.go:231.105,233.4 1 1
github.com/lagz0ne/c3-design/cli/internal/walker/walker.go:235.2,235.15 1 1
github.com/lagz0ne/c3-design/cli/internal/walker/walker.go:239.64,244.50 4 1
github.com/lagz0ne/c3-design/cli/internal/walker/walker.go:244.50,246.38 2 1
github.com/lagz0ne/c3-design/cli/internal/walker/walker.go:246.38,247.48 1 1
github.com/lagz0ne/c3-design/cli/internal/walker/walker.go:247.48,248.28 1 1
github.com/lagz0ne/c3-design/cli/internal/walker/walker.go:248.28,252.6 3 1
github.com/lagz0ne/c3-design/cli/internal/walker/walker.go:255.3,255.26 1 1
github.com/lagz0ne/c3-design/cli/internal/walker/walker.go:258.2,258.15 1 1
github.com/lagz0ne/c3-design/cli/internal/walker/walker.go:261.42,262.25 1 1
github.com/lagz0ne/c3-design/cli/internal/walker/walker.go:262.25,263.16 1 1
github.com/lagz0ne/c3-design/cli/internal/walker/walker.go:263.16,265.4 1 1
github.com/lagz0ne/c3-design/cli/internal/walker/walker.go:267.2,267.14 1 1
github.com/lagz0ne/c3-design/cli/internal/index/index.go:55.86,64.24 3 1
github.com/lagz0ne/c3-design/cli/internal/index/index.go:64.24,66.40 2 1
github.com/lagz0ne/c3-design/cli/internal/index/index.go:66.40,67.12 1 0
github.com/lagz0ne/c3-design/cli/internal/index/index.go:69.3,77.18 3 1
github.com/lagz0ne/c3-design/cli/internal/index/index.go:78.33,80.70 2 1
github.com/lagz0ne/c3-design/cli/internal/index/index.go:80.70,82.5 1 1
github.com/lagz0ne/c3-design/cli/internal/index/index.go:83.33,84.40 1 1
github.com/lagz0ne/c3-design/cli/internal/index/index.go:88.3,88.43 1 1
github.com/lagz0ne/c3-design/cli/internal/index/index.go:88.43,90.4 1 1
github.com/lagz0ne/c3-design/cli/internal/index/index.go:93.3,93.43 1 1
github.com/lagz0ne/c3-design/cli/internal/index/index.go:93.43,95.4 1 1
github.com/lagz0ne/c3-design/cli/internal/index/index.go:96.3,98.35 2 1
github.com/lagz0ne/c3-design/cli/internal/index/index.go:98.35,100.4 1 1
github.com/lagz0ne/c3-design/cli/internal/index/index.go:103.3,104.26 2 1
github.com/lagz0ne/c3-design/cli/internal/index/index.go:104.26,106.4 1 1
github.com/lagz0ne/c3-design/cli/internal/index/index.go:107.3,107.28 1 1
github.com/lagz0ne/c3-design/cli/internal/index/index.go:107.28,109.4 1 1
github.com/lagz0ne/c3-design/cli/internal/index/index.go:110.3,111.27 2 1
github.com/lagz0ne/c3-design/cli/internal/index/index.go:111.27,113.4 1 1
github.com/lagz0ne/c3-design/cli/internal/index/index.go:115.3,120.70 3 1
github.com/lagz0ne/c3-design/cli/internal/index/index.go:120.70,123.29 3 1
github.com/lagz0ne/c3-design/cli/internal/index/index.go:123.29,125.5 1 1
github.com/lagz0ne/c3-design/cli/internal/index/index.go:126.4,130.5 2 1
github.com/lagz0ne/c3-design/cli/internal/index/index.go:135.2,135.31 1 1
github.com/lagz0ne/c3-design/cli/internal/index/index.go:135.31,136.33 1 1
github.com/lagz0ne/c3-design/cli/internal/index/index.go:136.33,137.12 1 0
github.com/lagz0ne/c3-design/cli/internal/index/index.go:139.3,139.27 1 1
github.com/lagz0ne/c3-design/cli/internal/index/index.go:139.27,140.12 1 0
github.com/lagz0ne/c3-design/cli/internal/index/index.go:142.3,144.36 2 1
github.com/lagz0ne/c3-design/cli/internal/index/index.go:144.36,146.21 2 1
github.com/lagz0ne/c3-design/cli/internal/index/index.go:146.21,147.13 1 0
github.com/lagz0ne/c3-design/cli/internal/index/index.go:149.4,151.33 3 1
github.com/lagz0ne/c3-design/cli/internal/index/index.go:151.33,153.5 1 1
github.com/lagz0ne/c3-design/cli/internal/index/index.go:154.4,154.27 1 1
github.com/lagz0ne/c3-design/cli/internal/index/index.go:158.2,158.31 1 1
github.com/lagz0ne/c3-design/cli/internal/index/index.go:158.31,162.3 3 1
github.com/lagz0ne/c3-design/cli/internal/index/index.go:164.2,165.12 2 1
github.com/lagz0ne/c3-design/cli/internal/index/index.go:169.61,175.31 4 1
github.com/lagz0ne/c3-design/cli/internal/index/index.go:175.31,177.3 1 1
github.com/lagz0ne/c3-design/cli/internal/index/index.go:178.2,180.25 2 1
github.com/lagz0ne/c3-design/cli/internal/index/index.go:180.25,186.24 4 1
github.com/lagz0ne/c3-design/cli/internal/index/index.go:186.24,188.4 1 1
github.com/lagz0ne/c3-design/cli/internal/index/index.go:189.3,189.22 1 1
github.com/lagz0ne/c3-design/cli/internal/index/index.go:189.22,191.4 1 1
github.com/lagz0ne/c3-design/cli/internal/index/index.go:192.3,192.21 1 1
github.com/lagz0ne/c3-design/cli/internal/index/index.go:192.21,194.4 1 1
github.com/lagz0ne/c3-design/cli/internal/index/index.go:196.3,196.22 1 1
github.com/lagz0ne/c3-design/cli/internal/index/index.go:196.22,198.4 1 1
github.com/lagz0ne/c3-design/cli/internal/index/index.go:199.3,199.29 1 1
github.com/lagz0ne/c3-design/cli/internal/index/index.go:199.29,201.4 1 1
github.com/lagz0ne/c3-design/cli/internal/index/index.go:202.3,202.27 1 1
github.com/lagz0ne/c3-design/cli/internal/index/index.go:202.27,204.4 1 1
github.com/lagz0ne/c3-design/cli/internal/index/index.go:205.3,205.33 1 1
github.com/lagz0ne/c3-design/cli/internal/index/index.go:205.33,207.4 1 1
github.com/lagz0ne/c3-design/cli/internal/index/index.go:210.3,210.27 1 1
github.com/lagz0ne/c3-design/cli/internal/index/index.go:210.27,214.34 3 1
github.com/lagz0ne/c3-design/cli/internal/index/index.go:214.34,216.5 1 1
github.com/lagz0ne/c3-design/cli/internal/index/index.go:217.4,218.31 2 1
github.com/lagz0ne/c3-design/cli/internal/index/index.go:218.31,220.26 2 1
github.com/lagz0ne/c3-design/cli/internal/index/index.go:220.26,222.6 1 1
github.com/lagz0ne/c3-design/cli/internal/index/index.go:223.5,223.51 1 1
github.com/lagz0ne/c3-design/cli/internal/index/index.go:225.4,225.66 1 1
github.com/lagz0ne/c3-design/cli/internal/index/index.go:228.3,228.18 1 1
github.com/lagz0ne/c3-design/cli/internal/index/index.go:232.2,232.24 1 1
github.com/lagz0ne/c3-design/cli/internal/index/index.go:232.24,235.28 3 1
github.com/lagz0ne/c3-design/cli/internal/index/index.go:235.28,237.4 1 1
github.com/lagz0ne/c3-design/cli/internal/index/index.go:238.3,240.30 2 1
github.com/lagz0ne/c3-design/cli/internal/index/index.go:240.30,243.24 3 1
github.com/lagz0ne/c3-design/cli/internal/index/index.go:243.24,245.5 1 1
github.com/lagz0ne/c3-design/cli/internal/index/index.go:246.4,246.25 1 1
github.com/lagz0ne/c3-design/cli/internal/index/index.go:248.3,248.18 1 1
github.com/lagz0ne/c3-design/cli/internal/index/index.go:252.2,252.23 1 1
github.com/lagz0ne/c3-design/cli/internal/index/index.go:252.23,255.28 3 1
github.com/lagz0ne/c3-design/cli/internal/index/index.go:255.28,257.4 1 1
github.com/lagz0ne/c3-design/cli/internal/index/index.go:258.3,260.29 2 1
github.com/lagz0ne/c3-design/cli/internal/index/index.go:260.29,263.26 3 1
github.com/lagz0ne/c3-design/cli/internal/index/index.go:263.26,265.5 1 1
github.com/lagz0ne/c3-design/cli/internal/index/index.go:266.4,266.25 1 1
github.com/lagz0ne/c3-design/cli/internal/index/index.go:266.25,268.5 1 1
github.com/lagz0ne/c3-design/cli/internal/index/index.go:269.4,269.25 1 1
github.com/lagz0ne/c3-design/cli/internal/index/index.go:273.2,273.12 1 1
github.com/lagz0ne/c3-design/cli/internal/index/index.go:277.57,281.2 3 1
github.com/lagz0ne/c3-design/cli/internal/index/index.go:284.56,286.47 2 1
github.com/lagz0ne/c3-design/cli/internal/index/index.go:286.47,288.3 1 0
github.com/lagz0ne/c3-design/cli/internal/index/index.go:289.2,290.16 2 1
github.com/lagz0ne/c3-design/cli/internal/index/index.go:290.16,292.3 1 0
github.com/lagz0ne/c3-design/cli/internal/index/index.go:293.2,294.30 2 1
github.com/lagz0ne/c3-design/cli/internal/index/index.go:298.47,302.31 3 1
github.com/lagz0ne/c3-design/cli/internal/index/index.go:302.31,304.3 1 1
github.com/lagz0ne/c3-design/cli/internal/index/index.go:305.2,307.25 2 1
github.com/lagz0ne/c3-design/cli/internal/index/index.go:307.25,313.33 6 1
github.com/lagz0ne/c3-design/cli/internal/index/index.go:313.33,315.4 1 1
github.com/lagz0ne/c3-design/cli/internal/index/index.go:316.3,317.35 2 1
github.com/lagz0ne/c3-design/cli/internal/index/index.go:317.35,319.4 1 1
github.com/lagz0ne/c3-design/cli/internal/index/index.go:322.2,323.27 2 1
github.com/lagz0ne/c3-design/cli/internal/index/index.go:323.27,325.3 1 1
github.com/lagz0ne/c3-design/cli/internal/index/index.go:326.2,327.29 2 1
github.com/lagz0ne/c3-design/cli/internal/index/index.go:327.29,330.3 2 1
github.com/lagz0ne/c3-design/cli/internal/index/index.go:332.2,332.45 1 1
github.com/lagz0ne/c3-design/cli/internal/index/index.go:336.64,338.27 2 1
github.com/lagz0ne/c3-design/cli/internal/index/index.go:338.27,340.3 1 0
github.com/lagz0ne/c3-design/cli/internal/index/index.go:342.2,344.33 3 1
github.com/lagz0ne/c3-design/cli/internal/index/index.go:344.33,345.19 1 1
github.com/lagz0ne/c3-design/cli/internal/index/index.go:345.19,347.4 1 1
github.com/lagz0ne/c3-design/cli/internal/index/index.go:350.2,351.37 2 1
github.com/lagz0ne/c3-design/cli/internal/index/index.go:351.37,353.14 2 1
github.com/lagz0ne/c3-design/cli/internal/index/index.go:353.14,355.12 2 1
github.com/lagz0ne/c3-design/cli/internal/index/index.go:357.3,358.20 2 1
github.com/lagz0ne/c3-design/cli/internal/index/index.go:358.20,360.12 2 0
github.com/lagz0ne/c3-design/cli/internal/index/index.go:362.3,362.33 1 1
github.com/lagz0ne/c3-design/cli/internal/index/index.go:362.33,365.4 2 1
github.com/lagz0ne/c3-design/cli/internal/index/index.go:365.9,367.4 1 1
github.com/lagz0ne/c3-design/cli/internal/index/index.go:369.2,369.13 1 1
github.com/lagz0ne/c3-design/cli/internal/index/index.go:372.56,373.26 1 1
github.com/lagz0ne/c3-design/cli/internal/index/index.go:373.26,374.15 1 0
github.com/lagz0ne/c3-design/cli/internal/index/index.go:374.15,376.4 1 0
github.com/lagz0ne/c3-design/cli/internal/index/index.go:378.2,378.27 1 1
github.com/lagz0ne/c3-design/cli/internal/index/index.go:390.91,395.31 4 1
github.com/lagz0ne/c3-design/cli/internal/index/index.go:395.31,397.3 1 1
github.com/lagz0ne/c3-design/cli/internal/index/index.go:398.2,400.25 2 1
github.com/lagz0ne/c3-design/cli/internal/index/index.go:400.25,402.58 2 1
github.com/lagz0ne/c3-design/cli/internal/index/index.go:402.58,403.12 1 1
github.com/lagz0ne/c3-design/cli/internal/index/index.go:405.3,406.19 2 1
github.com/lagz0ne/c3-design/cli/internal/index/index.go:406.19,408.4 1 1
github.com/lagz0ne/c3-design/cli/internal/index/index.go:408.9,410.4 1 1
github.com/lagz0ne/c3-design/cli/internal/index/index.go:413.2,414.15 2 1
github.com/lagz0ne/c3-design/cli/internal/index/index.go:414.15,416.3 1 1
github.com/lagz0ne/c3-design/cli/internal/index/index.go:417.2,422.3 1 1
github.com/lagz0ne/c3-design/cli/internal/index/index.go:426.63,427.50 1 1
github.com/lagz0ne/c3-design/cli/internal/index/index.go:427.50,427.74 1 1
github.com/lagz0ne/c3-design/cli/internal/index/index.go:431.64,432.50 1 1
github.com/lagz0ne/c3-design/cli/internal/index/index.go:432.50,433.26 1 1
github.com/lagz0ne/c3-design/cli/internal/index/index.go:433.26,434.37 1 1
github.com/lagz0ne/c3-design/cli/internal/index/index.go:434.37,436.5 1 1
github.com/lagz0ne/c3-design/cli/internal/index/index.go:438.3,438.15 1 1
github.com/lagz0ne/c3-design/cli/internal/writer/writer.go:23.62,24.26 1 1
github.com/lagz0ne/c3-design/cli/internal/writer/writer.go:24.26,26.3 1 1
github.com/lagz0ne/c3-design/cli/internal/writer/writer.go:28.2,29.16 2 1
github.com/lagz0ne/c3-design/cli/internal/writer/writer.go:29.16,31.3 1 1
github.com/lagz0ne/c3-design/cli/internal/writer/writer.go:33.2,34.34 2 1
github.com/lagz0ne/c3-design/cli/internal/writer/writer.go:38.69,39.25 1 1
github.com/lagz0ne/c3-design/cli/internal/writer/writer.go:39.25,41.3 1 1
github.com/lagz0ne/c3-design/cli/internal/writer/writer.go:43.2,44.16 2 1
github.com/lagz0ne/c3-design/cli/internal/writer/writer.go:44.16,46.3 1 0
github.com/lagz0ne/c3-design/cli/internal/writer/writer.go:48.2,49.24 2 1
github.com/lagz0ne/c3-design/cli/internal/writer/writer.go:49.24,50.17 1 1
github.com/lagz0ne/c3-design/cli/internal/writer/writer.go:50.17,52.4 1 1
github.com/lagz0ne/c3-design/cli/internal/writer/writer.go:54.2,56.34 3 1
github.com/lagz0ne/c3-design/cli/internal/writer/writer.go:60.74,61.25 1 1
github.com/lagz0ne/c3-design/cli/internal/writer/writer.go:61.25,63.3 1 1
github.com/lagz0ne/c3-design/cli/internal/writer/writer.go:65.2,66.16 2 1
github.com/lagz0ne/c3-design/cli/internal/writer/writer.go:66.16,68.3 1 0
github.com/lagz0ne/c3-design/cli/internal/writer/writer.go:70.2,72.24 3 1
github.com/lagz0ne/c3-design/cli/internal/writer/writer.go:72.24,73.17 1 1
github.com/lagz0ne/c3-design/cli/internal/writer/writer.go:73.17,75.4 1 1
github.com/lagz0ne/c3-design/cli/internal/writer/writer.go:77.2,78.34 2 1
github.com/lagz0ne/c3-design/cli/internal/writer/writer.go:82.74,84.16 2 1
github.com/lagz0ne/c3-design/cli/internal/writer/writer.go:84.16,86.3 1 1
github.com/lagz0ne/c3-design/cli/internal/writer/writer.go:88.2,89.15 2 1
github.com/lagz0ne/c3-design/cli/internal/writer/writer.go:89.15,91.3 1 1
github.com/lagz0ne/c3-design/cli/internal/writer/writer.go:92.2,92.22 1 1
github.com/lagz0ne/c3-design/cli/internal/writer/writer.go:96.77,98.16 2 1
github.com/lagz0ne/c3-design/cli/internal/writer/writer.go:98.16,100.3 1 0
github.com/lagz0ne/c3-design/cli/internal/writer/writer.go:102.2,103.50 2 1
github.com/lagz0ne/c3-design/cli/internal/writer/writer.go:106.71,107.15 1 1
github.com/lagz0ne/c3-design/cli/internal/writer/writer.go:108.14,109.18 1 1
github.com/lagz0ne/c3-design/cli/internal/writer/writer.go:110.17,111.21 1 1
github.com/lagz0ne/c3-design/cli/internal/writer/writer.go:112.16,113.20 1 1
github.com/lagz0ne/c3-design/cli/internal/writer/writer.go:114.18,115.22 1 1
github.com/lagz0ne/c3-design/cli/internal/writer/writer.go:116.18,117.22 1 1
github.com/lagz0ne/c3-design/cli/internal/writer/writer.go:118.15,119.19 1 1
github.com/lagz0ne/c3-design/cli/internal/writer/writer.go:120.14,121.18 1 1
github.com/lagz0ne/c3-design/cli/internal/writer/writer.go:125.72,126.15 1 1
github.com/lagz0ne/c3-design/cli/internal/writer/writer.go:127.22,128.17 1 1
github.com/lagz0ne/c3-design/cli/internal/writer/writer.go:129.17,130.20 1 1
github.com/lagz0ne/c3-design/cli/internal/writer/writer.go:131.15,132.18 1 1
github.com/lagz0ne/c3-design/cli/internal/writer/writer.go:133.17,134.20 1 1
github.com/lagz0ne/c3-design/cli/internal/writer/writer.go:136.2,136.12 1 0
github.com/lagz0ne/c3-design/cli/internal/writer/writer.go:139.77,140.15 1 1
github.com/lagz0ne/c3-design/cli/internal/writer/writer.go:141.22,142.16 1 1
github.com/lagz0ne/c3-design/cli/internal/writer/writer.go:143.17,144.19 1 1
github.com/lagz0ne/c3-design/cli/internal/writer/writer.go:145.15,146.17 1 1
github.com/lagz0ne/c3-design/cli/internal/writer/writer.go:147.17,148.19 1 1
github.com/lagz0ne/c3-design/cli/internal/codemap/codemap.go:20.49,22.16 2 1
github.com/lagz0ne/c3-design/cli/internal/codemap/codemap.go:22.16,23.37 1 1
github.com/lagz0ne/c3-design/cli/internal/codemap/codemap.go:23.37,25.4 1 1
github.com/lagz0ne/c3-design/cli/internal/codemap/codemap.go:26.3,26.18 1 0
github.com/lagz0ne/c3-design/cli/internal/codemap/codemap.go:29.2,30.20 2 1
github.com/lagz0ne/c3-design/cli/internal/codemap/codemap.go:30.20,32.3 1 1
github.com/lagz0ne/c3-design/cli/internal/codemap/codemap.go:34.2,34.50 1 1
github.com/lagz0ne/c3-design/cli/internal/codemap/codemap.go:34.50,36.3 1 0
github.com/lagz0ne/c3-design/cli/internal/codemap/codemap.go:38.2,38.15 1 1
github.com/lagz0ne/c3-design/cli/internal/codemap/codemap.go:38.15,40.3 1 0
github.com/lagz0ne/c3-design/cli/internal/codemap/codemap.go:42.2,42.16 1 1
github.com/lagz0ne/c3-design/cli/internal/codemap/codemap.go:46.35,48.2 1 1
github.com/lagz0ne/c3-design/cli/internal/codemap/codemap.go:54.52,56.52 2 1
github.com/lagz0ne/c3-design/cli/internal/codemap/codemap.go:56.52,58.3 1 1
github.com/lagz0ne/c3-design/cli/internal/codemap/codemap.go:59.2,60.40 2 1
github.com/lagz0ne/c3-design/cli/internal/codemap/codemap.go:64.62,66.77 2 1
github.com/lagz0ne/c3-design/cli/internal/codemap/codemap.go:66.77,69.30 3 1
github.com/lagz0ne/c3-design/cli/internal/codemap/codemap.go:69.30,71.4 1 1
github.com/lagz0ne/c3-design/cli/internal/codemap/codemap.go:73.2,73.21 1 1
github.com/lagz0ne/c3-design/cli/internal/codemap/codemap.go:77.50,81.31 3 1
github.com/lagz0ne/c3-design/cli/internal/codemap/codemap.go:81.31,82.33 1 1
github.com/lagz0ne/c3-design/cli/internal/codemap/codemap.go:82.33,83.12 1 1
github.com/lagz0ne/c3-design/cli/internal/codemap/codemap.go:85.3,85.36 1 1
github.com/lagz0ne/c3-design/cli/internal/codemap/codemap.go:85.36,87.21 2 1
github.com/lagz0ne/c3-design/cli/internal/codemap/codemap.go:87.21,88.13 1 0
github.com/lagz0ne/c3-design/cli/internal/codemap/codemap.go:90.4,91.15 2 1
github.com/lagz0ne/c3-design/cli/internal/codemap/codemap.go:91.15,93.10 2 1
github.com/lagz0ne/c3-design/cli/internal/codemap/codemap.go:97.2,98.16 2 1
github.com/lagz0ne/c3-design/cli/internal/codemap/coverage.go:22.71,24.16 2 1
github.com/lagz0ne/c3-design/cli/internal/codemap/coverage.go:24.16,26.3 1 0
github.com/lagz0ne/c3-design/cli/internal/codemap/coverage.go:28.2,33.26 4 1
github.com/lagz0ne/c3-design/cli/internal/codemap/coverage.go:33.26,35.19 2 1
github.com/lagz0ne/c3-design/cli/internal/codemap/coverage.go:35.19,37.12 2 1
github.com/lagz0ne/c3-design/cli/internal/codemap/coverage.go:40.3,40.37 1 1
github.com/lagz0ne/c3-design/cli/internal/codemap/coverage.go:40.37,42.4 1 1
github.com/lagz0ne/c3-design/cli/internal/codemap/coverage.go:42.9,45.4 2 1
github.com/lagz0ne/c3-design/cli/internal/codemap/coverage.go:48.2,51.18 4 1
github.com/lagz0ne/c3-design/cli/internal/codemap/coverage.go:51.18,53.3 1 1
github.com/lagz0ne/c3-design/cli/internal/codemap/coverage.go:55.2,62.8 1 1
github.com/lagz0ne/c3-design/cli/internal/codemap/coverage.go:65.58,66.35 1 1
github.com/lagz0ne/c3-design/cli/internal/codemap/coverage.go:66.35,68.20 2 1
github.com/lagz0ne/c3-design/cli/internal/codemap/coverage.go:68.20,69.12 1 0
github.com/lagz0ne/c3-design/cli/internal/codemap/coverage.go:71.3,72.9 2 1
github.com/lagz0ne/c3-design/cli/internal/codemap/coverage.go:72.9,74.4 1 1
github.com/lagz0ne/c3-design/cli/internal/codemap/coverage.go:76.2,76.14 1 1
github.com/lagz0ne/c3-design/cli/internal/codemap/coverage.go:81.35,82.38 1 1
github.com/lagz0ne/c3-design/cli/internal/codemap/coverage.go:82.38,83.35 1 1
github.com/lagz0ne/c3-design/cli/internal/codemap/coverage.go:83.35,85.4 1 1
github.com/lagz0ne/c3-design/cli/internal/codemap/coverage.go:87.2,87.14 1 1
github.com/lagz0ne/c3-design/cli/internal/codemap/coverage.go:93.60,95.16 2 1
github.com/lagz0ne/c3-design/cli/internal/codemap/coverage.go:95.16,98.27 3 0
github.com/lagz0ne/c3-design/cli/internal/codemap/coverage.go:98.27,100.53 2 0
github.com/lagz0ne/c3-design/cli/internal/codemap/coverage.go:100.53,101.13 1 0
github.com/lagz0ne/c3-design/cli/internal/codemap/coverage.go:103.4,103.46 1 0
github.com/lagz0ne/c3-design/cli/internal/codemap/coverage.go:105.3,106.20 2 0
github.com/lagz0ne/c3-design/cli/internal/codemap/coverage.go:110.2,115.87 3 1
github.com/lagz0ne/c3-design/cli/internal/codemap/coverage.go:115.87,116.17 1 1
github.com/lagz0ne/c3-design/cli/internal/codemap/coverage.go:116.17,118.4 1 0
github.com/lagz0ne/c3-design/cli/internal/codemap/coverage.go:119.3,119.16 1 1
github.com/lagz0ne/c3-design/cli/internal/codemap/coverage.go:119.16,120.26 1 1
github.com/lagz0ne/c3-design/cli/internal/codemap/coverage.go:120.26,122.5 1 1
github.com/lagz0ne/c3-design/cli/internal/codemap/coverage.go:123.4,123.14 1 1
github.com/lagz0ne/c3-design/cli/internal/codemap/coverage.go:125.3,126.20 2 1
github.com/lagz0ne/c3-design/cli/internal/codemap/coverage.go:126.20,128.4 1 0
github.com/lagz0ne/c3-design/cli/internal/codemap/coverage.go:129.3,130.13 2 1
github.com/lagz0ne/c3-design/cli/internal/codemap/coverage.go:132.2,132.16 1 1
github.com/lagz0ne/c3-design/cli/internal/codemap/coverage.go:132.16,134.3 1 0
github.com/lagz0ne/c3-design/cli/internal/codemap/coverage.go:135.2,136.19 2 1
github.com/lagz0ne/c3-design/cli/internal/codemap/validate.go:19.35,21.2 1 1
github.com/lagz0ne/c3-design/cli/internal/codemap/validate.go:25.82,28.28 2 1
github.com/lagz0ne/c3-design/cli/internal/codemap/validate.go:28.28,29.33 1 1
github.com/lagz0ne/c3-design/cli/internal/codemap/validate.go:29.33,30.12 1 0
github.com/lagz0ne/c3-design/cli/internal/codemap/validate.go:32.3,32.35 1 1
github.com/lagz0ne/c3-design/cli/internal/codemap/validate.go:32.35,38.4 1 1
github.com/lagz0ne/c3-design/cli/internal/codemap/validate.go:38.9,38.65 1 1
github.com/lagz0ne/c3-design/cli/internal/codemap/validate.go:38.65,44.4 1 1
github.com/lagz0ne/c3-design/cli/internal/codemap/validate.go:46.3,46.27 1 1
github.com/lagz0ne/c3-design/cli/internal/codemap/validate.go:46.27,48.15 2 1
github.com/lagz0ne/c3-design/cli/internal/codemap/validate.go:48.15,54.13 2 1
github.com/lagz0ne/c3-design/cli/internal/codemap/validate.go:57.4,57.25 1 1
github.com/lagz0ne/c3-design/cli/internal/codemap/validate.go:57.25,63.13 2 1
github.com/lagz0ne/c3-design/cli/internal/codemap/validate.go:66.4,66.50 1 1
github.com/lagz0ne/c3-design/cli/internal/codemap/validate.go:66.50,72.13 2 1
github.com/lagz0ne/c3-design/cli/internal/codemap/validate.go:75.4,75.24 1 1
github.com/lagz0ne/c3-design/cli/internal/codemap/validate.go:75.24,76.25 1 1
github.com/lagz0ne/c3-design/cli/internal/codemap/validate.go:76.25,79.41 3 0
github.com/lagz0ne/c3-design/cli/internal/codemap/validate.go:79.41,85.7 1 0
github.com/lagz0ne/c3-design/cli/internal/codemap/validate.go:86.11,89.20 3 1
github.com/lagz0ne/c3-design/cli/internal/codemap/validate.go:89.20,95.7 1 1
github.com/lagz0ne/c3-design/cli/internal/codemap/validate.go:95.12,95.41 1 1
github.com/lagz0ne/c3-design/cli/internal/codemap/validate.go:95.41,101.7 1 1
github.com/lagz0ne/c3-design/cli/internal/codemap/validate.go:107.2,107.15 1 1
github.com/lagz0ne/c3-design/cli/internal/marketplace/git.go:9.36,12.16 3 1
github.com/lagz0ne/c3-design/cli/internal/marketplace/git.go:12.16,14.3 1 1
github.com/lagz0ne/c3-design/cli/internal/marketplace/git.go:15.2,15.12 1 1
github.com/lagz0ne/c3-design/cli/internal/marketplace/git.go:19.29,22.16 3 1
github.com/lagz0ne/c3-design/cli/internal/marketplace/git.go:22.16,24.3 1 0
github.com/lagz0ne/c3-design/cli/internal/marketplace/git.go:25.2,25.12 1 1
github.com/lagz0ne/c3-design/cli/internal/marketplace/manifest.go:31.52,33.49 2 1
github.com/lagz0ne/c3-design/cli/internal/marketplace/manifest.go:33.49,35.3 1 0
github.com/lagz0ne/c3-design/cli/internal/marketplace/manifest.go:36.2,36.37 1 1
github.com/lagz0ne/c3-design/cli/internal/marketplace/manifest.go:36.37,38.3 1 1
github.com/lagz0ne/c3-design/cli/internal/marketplace/manifest.go:39.2,39.16 1 1
github.com/lagz0ne/c3-design/cli/internal/marketplace/manifest.go:42.37,43.37 1 1
github.com/lagz0ne/c3-design/cli/internal/marketplace/manifest.go:43.37,45.3 1 1
github.com/lagz0ne/c3-design/cli/internal/marketplace/manifest.go:46.2,46.23 1 1
github.com/lagz0ne/c3-design/cli/internal/marketplace/manifest.go:46.23,48.3 1 1
github.com/lagz0ne/c3-design/cli/internal/marketplace/manifest.go:49.2,49.28 1 1
github.com/lagz0ne/c3-design/cli/internal/marketplace/manifest.go:49.28,50.36 1 1
github.com/lagz0ne/c3-design/cli/internal/marketplace/manifest.go:50.36,52.4 1 1
github.com/lagz0ne/c3-design/cli/internal/marketplace/manifest.go:53.3,53.40 1 1
github.com/lagz0ne/c3-design/cli/internal/marketplace/manifest.go:53.40,55.4 1 1
github.com/lagz0ne/c3-design/cli/internal/marketplace/manifest.go:56.3,56.41 1 1
github.com/lagz0ne/c3-design/cli/internal/marketplace/manifest.go:56.41,58.4 1 1
github.com/lagz0ne/c3-design/cli/internal/marketplace/manifest.go:60.2,60.12 1 1
github.com/lagz0ne/c3-design/cli/internal/marketplace/sources.go:27.44,29.2 1 1
github.com/lagz0ne/c3-design/cli/internal/marketplace/sources.go:31.30,34.2 2 1
github.com/lagz0ne/c3-design/cli/internal/marketplace/sources.go:36.49,38.2 1 1
github.com/lagz0ne/c3-design/cli/internal/marketplace/sources.go:40.41,42.2 1 1
github.com/lagz0ne/c3-design/cli/internal/marketplace/sources.go:44.45,46.24 2 1
github.com/lagz0ne/c3-design/cli/internal/marketplace/sources.go:46.24,48.3 1 1
github.com/lagz0ne/c3-design/cli/internal/marketplace/sources.go:49.2,49.16 1 1
github.com/lagz0ne/c3-design/cli/internal/marketplace/sources.go:49.16,51.3 1 0
github.com/lagz0ne/c3-design/cli/internal/marketplace/sources.go:52.2,53.50 2 1
github.com/lagz0ne/c3-design/cli/internal/marketplace/sources.go:53.50,55.3 1 0
github.com/lagz0ne/c3-design/cli/internal/marketplace/sources.go:56.2,56.24 1 1
github.com/lagz0ne/c3-design/cli/internal/marketplace/sources.go:59.54,61.16 2 1
github.com/lagz0ne/c3-design/cli/internal/marketplace/sources.go:61.16,63.3 1 0
github.com/lagz0ne/c3-design/cli/internal/marketplace/sources.go:64.2,64.28 1 1
github.com/lagz0ne/c3-design/cli/internal/marketplace/sources.go:64.28,65.21 1 1
github.com/lagz0ne/c3-design/cli/internal/marketplace/sources.go:65.21,67.4 1 1
github.com/lagz0ne/c3-design/cli/internal/marketplace/sources.go:69.2,69.53 1 1
github.com/lagz0ne/c3-design/cli/internal/marketplace/sources.go:72.42,74.16 2 1
github.com/lagz0ne/c3-design/cli/internal/marketplace/sources.go:74.16,76.3 1 0
github.com/lagz0ne/c3-design/cli/internal/marketplace/sources.go:77.2,77.28 1 1
github.com/lagz0ne/c3-design/cli/internal/marketplace/sources.go:77.28,78.25 1 1
github.com/lagz0ne/c3-design/cli/internal/marketplace/sources.go:78.25,80.4 1 1
github.com/lagz0ne/c3-design/cli/internal/marketplace/sources.go:82.2,82.39 1 1
github.com/lagz0ne/c3-design/cli/internal/marketplace/sources.go:82.39,84.3 1 1
github.com/lagz0ne/c3-design/cli/internal/marketplace/sources.go:85.2,87.24 3 1
github.com/lagz0ne/c3-design/cli/internal/marketplace/sources.go:90.46,92.16 2 1
github.com/lagz0ne/c3-design/cli/internal/marketplace/sources.go:92.16,94.3 1 0
github.com/lagz0ne/c3-design/cli/internal/marketplace/sources.go:95.2,97.28 3 1
github.com/lagz0ne/c3-design/cli/internal/marketplace/sources.go:97.28,98.21 1 1
github.com/lagz0ne/c3-design/cli/internal/marketplace/sources.go:98.21,100.12 2 1
github.com/lagz0ne/c3-design/cli/internal/marketplace/sources.go:102.3,102.33 1 0
github.com/lagz0ne/c3-design/cli/internal/marketplace/sources.go:104.2,104.12 1 1
github.com/lagz0ne/c3-design/cli/internal/marketplace/sources.go:104.12,106.3 1 1
github.com/lagz0ne/c3-design/cli/internal/marketplace/sources.go:107.2,107.25 1 1
github.com/lagz0ne/c3-design/cli/internal/marketplace/sources.go:110.53,112.16 2 1
github.com/lagz0ne/c3-design/cli/internal/marketplace/sources.go:112.16,114.3 1 0
github.com/lagz0ne/c3-design/cli/internal/marketplace/sources.go:115.2,115.28 1 1
github.com/lagz0ne/c3-design/cli/internal/marketplace/sources.go:115.28,116.21 1 1
github.com/lagz0ne/c3-design/cli/internal/marketplace/sources.go:116.21,119.4 2 1
github.com/lagz0ne/c3-design/cli/internal/marketplace/sources.go:121.2,121.48 1 1
github.com/lagz0ne/c3-design/cli/internal/marketplace/sources.go:124.49,125.53 1 1
github.com/lagz0ne/c3-design/cli/internal/marketplace/sources.go:125.53,127.3 1 0
github.com/lagz0ne/c3-design/cli/internal/marketplace/sources.go:128.2,130.16 3 1
github.com/lagz0ne/c3-design/cli/internal/marketplace/sources.go:130.16,132.3 1 0
github.com/lagz0ne/c3-design/cli/internal/marketplace/sources.go:133.2,133.50 1 1
github.com/lagz0ne/c3-design/cli/internal/store/changelog.go:16.75,22.2 1 1
github.com/lagz0ne/c3-design/cli/internal/store/changelog.go:25.59,31.16 2 1
github.com/lagz0ne/c3-design/cli/internal/store/changelog.go:31.16,33.3 1 0
github.com/lagz0ne/c3-design/cli/internal/store/changelog.go:34.2,37.18 3 1
github.com/lagz0ne/c3-design/cli/internal/store/changelog.go:37.18,40.71 2 1
github.com/lagz0ne/c3-design/cli/internal/store/changelog.go:40.71,42.4 1 0
github.com/lagz0ne/c3-design/cli/internal/store/changelog.go:43.3,43.30 1 1
github.com/lagz0ne/c3-design/cli/internal/store/changelog.go:45.2,45.27 1 1
github.com/lagz0ne/c3-design/cli/internal/store/changelog.go:49.56,55.2 2 1
github.com/lagz0ne/c3-design/cli/internal/store/codemap.go:12.67,14.16 2 1
github.com/lagz0ne/c3-design/cli/internal/store/codemap.go:14.16,16.3 1 0
github.com/lagz0ne/c3-design/cli/internal/store/codemap.go:17.2,19.89 2 1
github.com/lagz0ne/c3-design/cli/internal/store/codemap.go:19.89,21.3 1 0
github.com/lagz0ne/c3-design/cli/internal/store/codemap.go:22.2,22.26 1 1
github.com/lagz0ne/c3-design/cli/internal/store/codemap.go:22.26,23.108 1 1
github.com/lagz0ne/c3-design/cli/internal/store/codemap.go:23.108,25.4 1 0
github.com/lagz0ne/c3-design/cli/internal/store/codemap.go:27.2,27.20 1 1
github.com/lagz0ne/c3-design/cli/internal/store/codemap.go:31.63,33.16 2 1
github.com/lagz0ne/c3-design/cli/internal/store/codemap.go:33.16,35.3 1 0
github.com/lagz0ne/c3-design/cli/internal/store/codemap.go:36.2,39.18 3 1
github.com/lagz0ne/c3-design/cli/internal/store/codemap.go:39.18,41.39 2 1
github.com/lagz0ne/c3-design/cli/internal/store/codemap.go:41.39,43.4 1 0
github.com/lagz0ne/c3-design/cli/internal/store/codemap.go:44.3,44.33 1 1
github.com/lagz0ne/c3-design/cli/internal/store/codemap.go:46.2,46.29 1 1
github.com/lagz0ne/c3-design/cli/internal/store/codemap.go:51.65,56.16 3 1
github.com/lagz0ne/c3-design/cli/internal/store/codemap.go:56.16,58.3 1 0
github.com/lagz0ne/c3-design/cli/internal/store/codemap.go:59.2,59.30 1 1
github.com/lagz0ne/c3-design/cli/internal/store/codemap.go:59.30,61.14 2 1
github.com/lagz0ne/c3-design/cli/internal/store/codemap.go:61.14,63.4 1 1
github.com/lagz0ne/c3-design/cli/internal/store/codemap.go:66.2,67.16 2 1
github.com/lagz0ne/c3-design/cli/internal/store/codemap.go:67.16,69.3 1 0
github.com/lagz0ne/c3-design/cli/internal/store/codemap.go:71.2,73.41 3 1
github.com/lagz0ne/c3-design/cli/internal/store/codemap.go:73.41,74.30 1 1
github.com/lagz0ne/c3-design/cli/internal/store/codemap.go:74.30,76.34 2 1
github.com/lagz0ne/c3-design/cli/internal/store/codemap.go:76.34,79.5 2 1
github.com/lagz0ne/c3-design/cli/internal/store/codemap.go:84.2,85.20 2 1
github.com/lagz0ne/c3-design/cli/internal/store/codemap.go:89.47,91.16 2 1
github.com/lagz0ne/c3-design/cli/internal/store/codemap.go:91.16,93.3 1 0
github.com/lagz0ne/c3-design/cli/internal/store/codemap.go:94.2,94.12 1 1
github.com/lagz0ne/c3-design/cli/internal/store/codemap.go:98.46,100.16 2 1
github.com/lagz0ne/c3-design/cli/internal/store/codemap.go:100.16,102.3 1 0
github.com/lagz0ne/c3-design/cli/internal/store/codemap.go:103.2,106.18 3 1
github.com/lagz0ne/c3-design/cli/internal/store/codemap.go:106.18,108.39 2 1
github.com/lagz0ne/c3-design/cli/internal/store/codemap.go:108.39,110.4 1 0
github.com/lagz0ne/c3-design/cli/internal/store/codemap.go:111.3,111.33 1 1
github.com/lagz0ne/c3-design/cli/internal/store/codemap.go:113.2,113.29 1 1
github.com/lagz0ne/c3-design/cli/internal/store/codemap.go:117.59,119.16 2 1
github.com/lagz0ne/c3-design/cli/internal/store/codemap.go:119.16,121.3 1 0
github.com/lagz0ne/c3-design/cli/internal/store/codemap.go:122.2,125.18 3 1
github.com/lagz0ne/c3-design/cli/internal/store/codemap.go:125.18,127.56 2 1
github.com/lagz0ne/c3-design/cli/internal/store/codemap.go:127.56,129.4 1 0
github.com/lagz0ne/c3-design/cli/internal/store/codemap.go:130.3,130.55 1 1
github.com/lagz0ne/c3-design/cli/internal/store/codemap.go:132.2,132.27 1 1
github.com/lagz0ne/c3-design/cli/internal/store/codemap.go:136.30,137.30 1 1
github.com/lagz0ne/c3-design/cli/internal/store/codemap.go:137.30,138.63 1 1
github.com/lagz0ne/c3-design/cli/internal/store/codemap.go:138.63,140.4 1 1
github.com/lagz0ne/c3-design/cli/internal/store/entities.go:33.47,41.16 2 1
github.com/lagz0ne/c3-design/cli/internal/store/entities.go:41.16,43.3 1 0
github.com/lagz0ne/c3-design/cli/internal/store/entities.go:44.2,45.12 2 1
github.com/lagz0ne/c3-design/cli/internal/store/entities.go:49.55,52.2 2 1
github.com/lagz0ne/c3-design/cli/internal/store/entities.go:55.47,57.16 2 1
github.com/lagz0ne/c3-design/cli/internal/store/entities.go:57.16,59.3 1 0
github.com/lagz0ne/c3-design/cli/internal/store/entities.go:61.2,75.16 2 1
github.com/lagz0ne/c3-design/cli/internal/store/entities.go:75.16,77.3 1 0
github.com/lagz0ne/c3-design/cli/internal/store/entities.go:80.2,94.12 14 1
github.com/lagz0ne/c3-design/cli/internal/store/entities.go:98.71,99.22 1 1
github.com/lagz0ne/c3-design/cli/internal/store/entities.go:99.22,101.3 1 1
github.com/lagz0ne/c3-design/cli/internal/store/entities.go:105.47,107.16 2 1
github.com/lagz0ne/c3-design/cli/internal/store/entities.go:107.16,109.3 1 0
github.com/lagz0ne/c3-design/cli/internal/store/entities.go:110.2,111.12 2 1
github.com/lagz0ne/c3-design/cli/internal/store/entities.go:111.12,113.3 1 1
github.com/lagz0ne/c3-design/cli/internal/store/entities.go:114.2,115.12 2 1
github.com/lagz0ne/c3-design/cli/internal/store/entities.go:119.50,121.2 1 1
github.com/lagz0ne/c3-design/cli/internal/store/entities.go:124.63,126.2 1 1
github.com/lagz0ne/c3-design/cli/internal/store/entities.go:129.62,131.2 1 1
github.com/lagz0ne/c3-design/cli/internal/store/entities.go:134.77,136.16 2 1
github.com/lagz0ne/c3-design/cli/internal/store/entities.go:136.16,138.3 1 0
github.com/lagz0ne/c3-design/cli/internal/store/entities.go:139.2,142.18 3 1
github.com/lagz0ne/c3-design/cli/internal/store/entities.go:142.18,144.17 2 1
github.com/lagz0ne/c3-design/cli/internal/store/entities.go:144.17,146.4 1 0
github.com/lagz0ne/c3-design/cli/internal/store/entities.go:147.3,147.29 1 1
github.com/lagz0ne/c3-design/cli/internal/store/entities.go:149.2,149.27 1 1
github.com/lagz0ne/c3-design/cli/internal/store/entities.go:153.48,162.16 4 1
github.com/lagz0ne/c3-design/cli/internal/store/entities.go:162.16,164.3 1 1
github.com/lagz0ne/c3-design/cli/internal/store/entities.go:165.2,166.16 2 1
github.com/lagz0ne/c3-design/cli/internal/store/entities.go:170.58,179.16 4 1
github.com/lagz0ne/c3-design/cli/internal/store/entities.go:179.16,181.3 1 0
github.com/lagz0ne/c3-design/cli/internal/store/entities.go:182.2,183.16 2 1
github.com/lagz0ne/c3-design/cli/internal/store/graph.go:17.50,19.26 2 1
github.com/lagz0ne/c3-design/cli/internal/store/graph.go:19.26,21.3 1 1
github.com/lagz0ne/c3-design/cli/internal/store/graph.go:22.2,22.34 1 1
github.com/lagz0ne/c3-design/cli/internal/store/graph.go:26.61,33.2 2 1
github.com/lagz0ne/c3-design/cli/internal/store/graph.go:36.61,43.2 2 1
github.com/lagz0ne/c3-design/cli/internal/store/graph.go:48.79,49.19 1 1
github.com/lagz0ne/c3-design/cli/internal/store/graph.go:49.19,51.3 1 0
github.com/lagz0ne/c3-design/cli/internal/store/graph.go:53.2,76.16 3 1
github.com/lagz0ne/c3-design/cli/internal/store/graph.go:76.16,78.3 1 0
github.com/lagz0ne/c3-design/cli/internal/store/graph.go:79.2,81.32 2 1
github.com/lagz0ne/c3-design/cli/internal/store/graph.go:86.83,87.19 1 1
github.com/lagz0ne/c3-design/cli/internal/store/graph.go:87.19,89.3 1 0
github.com/lagz0ne/c3-design/cli/internal/store/graph.go:91.2,107.16 3 1
github.com/lagz0ne/c3-design/cli/internal/store/graph.go:107.16,109.3 1 0
github.com/lagz0ne/c3-design/cli/internal/store/graph.go:110.2,112.32 2 1
github.com/lagz0ne/c3-design/cli/internal/store/graph.go:120.28,122.18 2 1
github.com/lagz0ne/c3-design/cli/internal/store/graph.go:122.18,124.71 2 1
github.com/lagz0ne/c3-design/cli/internal/store/graph.go:124.71,126.4 1 0
github.com/lagz0ne/c3-design/cli/internal/store/graph.go:127.3,127.31 1 1
github.com/lagz0ne/c3-design/cli/internal/store/graph.go:129.2,129.28 1 1
github.com/lagz0ne/c3-design/cli/internal/store/relationships.go:14.56,20.16 2 1
github.com/lagz0ne/c3-design/cli/internal/store/relationships.go:20.16,22.3 1 0
github.com/lagz0ne/c3-design/cli/internal/store/relationships.go:23.2,24.11 2 1
github.com/lagz0ne/c3-design/cli/internal/store/relationships.go:24.11,26.3 1 1
github.com/lagz0ne/c3-design/cli/internal/store/relationships.go:27.2,27.12 1 1
github.com/lagz0ne/c3-design/cli/internal/store/relationships.go:31.59,37.16 2 1
github.com/lagz0ne/c3-design/cli/internal/store/relationships.go:37.16,39.3 1 0
github.com/lagz0ne/c3-design/cli/internal/store/relationships.go:40.2,41.12 2 1
github.com/lagz0ne/c3-design/cli/internal/store/relationships.go:45.77,50.2 1 1
github.com/lagz0ne/c3-design/cli/internal/store/relationships.go:53.75,58.2 1 1
github.com/lagz0ne/c3-design/cli/internal/store/relationships.go:61.78,66.2 1 1
github.com/lagz0ne/c3-design/cli/internal/store/relationships.go:69.88,71.16 2 1
github.com/lagz0ne/c3-design/cli/internal/store/relationships.go:71.16,73.3 1 0
github.com/lagz0ne/c3-design/cli/internal/store/relationships.go:74.2,77.18 3 1
github.com/lagz0ne/c3-design/cli/internal/store/relationships.go:77.18,79.67 2 1
github.com/lagz0ne/c3-design/cli/internal/store/relationships.go:79.67,81.4 1 0
github.com/lagz0ne/c3-design/cli/internal/store/relationships.go:82.3,82.30 1 1
github.com/lagz0ne/c3-design/cli/internal/store/relationships.go:84.2,84.27 1 1
github.com/lagz0ne/c3-design/cli/internal/store/search.go:15.62,17.2 1 1
github.com/lagz0ne/c3-design/cli/internal/store/search.go:20.84,22.2 1 1
github.com/lagz0ne/c3-design/cli/internal/store/search.go:25.94,26.16 1 1
github.com/lagz0ne/c3-design/cli/internal/store/search.go:26.16,28.3 1 1
github.com/lagz0ne/c3-design/cli/internal/store/search.go:29.2,29.46 1 1
github.com/lagz0ne/c3-design/cli/internal/store/search.go:32.88,40.22 3 1
github.com/lagz0ne/c3-design/cli/internal/store/search.go:40.22,43.3 2 1
github.com/lagz0ne/c3-design/cli/internal/store/search.go:44.2,47.16 3 1
github.com/lagz0ne/c3-design/cli/internal/store/search.go:47.16,49.3 1 0
github.com/lagz0ne/c3-design/cli/internal/store/search.go:50.2,53.18 3 1
github.com/lagz0ne/c3-design/cli/internal/store/search.go:53.18,55.82 2 1
github.com/lagz0ne/c3-design/cli/internal/store/search.go:55.82,57.4 1 0
github.com/lagz0ne/c3-design/cli/internal/store/search.go:58.3,58.31 1 1
github.com/lagz0ne/c3-design/cli/internal/store/search.go:60.2,60.28 1 1
github.com/lagz0ne/c3-design/cli/internal/store/store.go:19.42,23.16 3 1
github.com/lagz0ne/c3-design/cli/internal/store/store.go:23.16,25.3 1 0
github.com/lagz0ne/c3-design/cli/internal/store/store.go:26.2,27.41 2 1
github.com/lagz0ne/c3-design/cli/internal/store/store.go:27.41,30.3 2 1
github.com/lagz0ne/c3-design/cli/internal/store/store.go:31.2,31.15 1 1
github.com/lagz0ne/c3-design/cli/internal/store/store.go:35.31,37.2 1 1
github.com/lagz0ne/c3-design/cli/internal/store/store.go:40.30,42.2 1 1
github.com/lagz0ne/c3-design/cli/internal/store/store.go:45.38,48.2 2 1
github.com/lagz0ne/c3-design/cli/cmd/add.go:25.112,26.36 1 1
github.com/lagz0ne/c3-design/cli/cmd/add.go:26.36,28.3 1 1
github.com/lagz0ne/c3-design/cli/cmd/add.go:30.2,30.34 1 1
github.com/lagz0ne/c3-design/cli/cmd/add.go:30.34,32.3 1 1
github.com/lagz0ne/c3-design/cli/cmd/add.go:34.2,34.20 1 1
github.com/lagz0ne/c3-design/cli/cmd/add.go:35.19,36.41 1 1
github.com/lagz0ne/c3-design/cli/cmd/add.go:37.19,38.61 1 1
github.com/lagz0ne/c3-design/cli/cmd/add.go:39.13,40.28 1 1
github.com/lagz0ne/c3-design/cli/cmd/add.go:41.14,42.29 1 1
github.com/lagz0ne/c3-design/cli/cmd/add.go:43.13,44.28 1 1
github.com/lagz0ne/c3-design/cli/cmd/add.go:45.16,46.31 1 1
github.com/lagz0ne/c3-design/cli/cmd/add.go:47.10,48.126 1 1
github.com/lagz0ne/c3-design/cli/cmd/add.go:53.52,55.16 2 1
github.com/lagz0ne/c3-design/cli/cmd/add.go:55.16,57.3 1 0
github.com/lagz0ne/c3-design/cli/cmd/add.go:58.2,59.31 2 1
github.com/lagz0ne/c3-design/cli/cmd/add.go:59.31,61.41 2 1
github.com/lagz0ne/c3-design/cli/cmd/add.go:61.41,63.4 1 1
github.com/lagz0ne/c3-design/cli/cmd/add.go:64.3,65.17 2 1
github.com/lagz0ne/c3-design/cli/cmd/add.go:65.17,66.12 1 0
github.com/lagz0ne/c3-design/cli/cmd/add.go:68.3,68.14 1 1
github.com/lagz0ne/c3-design/cli/cmd/add.go:68.14,70.4 1 1
github.com/lagz0ne/c3-design/cli/cmd/add.go:72.2,72.21 1 1
github.com/lagz0ne/c3-design/cli/cmd/add.go:76.86,79.16 3 1
github.com/lagz0ne/c3-design/cli/cmd/add.go:79.16,81.3 1 0
github.com/lagz0ne/c3-design/cli/cmd/add.go:83.2,84.31 2 1
github.com/lagz0ne/c3-design/cli/cmd/add.go:84.31,85.62 1 1
github.com/lagz0ne/c3-design/cli/cmd/add.go:85.62,88.18 3 1
github.com/lagz0ne/c3-design/cli/cmd/add.go:88.18,89.13 1 0
github.com/lagz0ne/c3-design/cli/cmd/add.go:91.4,91.26 1 1
github.com/lagz0ne/c3-design/cli/cmd/add.go:95.2,95.13 1 1
github.com/lagz0ne/c3-design/cli/cmd/add.go:95.13,97.26 2 1
github.com/lagz0ne/c3-design/cli/cmd/add.go:97.26,98.26 1 1
github.com/lagz0ne/c3-design/cli/cmd/add.go:98.26,100.5 1 1
github.com/lagz0ne/c3-design/cli/cmd/add.go:102.3,103.59 2 1
github.com/lagz0ne/c3-design/cli/cmd/add.go:107.2,108.25 2 1
github.com/lagz0ne/c3-design/cli/cmd/add.go:108.25,109.34 1 1
github.com/lagz0ne/c3-design/cli/cmd/add.go:109.34,111.4 1 1
github.com/lagz0ne/c3-design/cli/cmd/add.go:113.2,114.14 2 1
github.com/lagz0ne/c3-design/cli/cmd/add.go:114.14,116.3 1 0
github.com/lagz0ne/c3-design/cli/cmd/add.go:117.2,117.58 1 1
github.com/lagz0ne/c3-design/cli/cmd/add.go:120.74,122.16 2 1
github.com/lagz0ne/c3-design/cli/cmd/add.go:122.16,124.3 1 0
github.com/lagz0ne/c3-design/cli/cmd/add.go:126.2,148.16 4 1
github.com/lagz0ne/c3-design/cli/cmd/add.go:148.16,150.3 1 0
github.com/lagz0ne/c3-design/cli/cmd/add.go:151.2,153.47 2 1
github.com/lagz0ne/c3-design/cli/cmd/add.go:153.47,155.3 1 0
github.com/lagz0ne/c3-design/cli/cmd/add.go:158.2,160.51 3 1
github.com/lagz0ne/c3-design/cli/cmd/add.go:160.51,162.3 1 0
github.com/lagz0ne/c3-design/cli/cmd/add.go:163.2,164.72 2 1
github.com/lagz0ne/c3-design/cli/cmd/add.go:164.72,166.3 1 0
github.com/lagz0ne/c3-design/cli/cmd/add.go:168.2,170.12 3 1
github.com/lagz0ne/c3-design/cli/cmd/add.go:173.109,174.24 1 1
github.com/lagz0ne/c3-design/cli/cmd/add.go:174.24,176.3 1 1
github.com/lagz0ne/c3-design/cli/cmd/add.go:178.2,179.27 2 1
github.com/lagz0ne/c3-design/cli/cmd/add.go:179.27,181.3 1 0
github.com/lagz0ne/c3-design/cli/cmd/add.go:182.2,185.16 3 1
github.com/lagz0ne/c3-design/cli/cmd/add.go:185.16,187.3 1 1
github.com/lagz0ne/c3-design/cli/cmd/add.go:189.2,190.16 2 1
github.com/lagz0ne/c3-design/cli/cmd/add.go:190.16,192.3 1 0
github.com/lagz0ne/c3-design/cli/cmd/add.go:194.2,195.13 2 1
github.com/lagz0ne/c3-design/cli/cmd/add.go:195.13,197.3 1 1
github.com/lagz0ne/c3-design/cli/cmd/add.go:199.2,209.16 3 1
github.com/lagz0ne/c3-design/cli/cmd/add.go:209.16,211.3 1 0
github.com/lagz0ne/c3-design/cli/cmd/add.go:213.2,227.47 2 1
github.com/lagz0ne/c3-design/cli/cmd/add.go:227.47,229.3 1 0
github.com/lagz0ne/c3-design/cli/cmd/add.go:233.2,237.56 4 1
github.com/lagz0ne/c3-design/cli/cmd/add.go:237.56,239.3 1 0
github.com/lagz0ne/c3-design/cli/cmd/add.go:240.2,240.70 1 1
github.com/lagz0ne/c3-design/cli/cmd/add.go:240.70,242.3 1 0
github.com/lagz0ne/c3-design/cli/cmd/add.go:244.2,247.12 3 1
github.com/lagz0ne/c3-design/cli/cmd/add.go:250.61,253.43 2 1
github.com/lagz0ne/c3-design/cli/cmd/add.go:253.43,255.3 1 1
github.com/lagz0ne/c3-design/cli/cmd/add.go:257.2,262.16 2 1
github.com/lagz0ne/c3-design/cli/cmd/add.go:262.16,264.3 1 0
github.com/lagz0ne/c3-design/cli/cmd/add.go:266.2,276.47 2 1
github.com/lagz0ne/c3-design/cli/cmd/add.go:276.47,278.3 1 0
github.com/lagz0ne/c3-design/cli/cmd/add.go:280.2,281.12 2 1
github.com/lagz0ne/c3-design/cli/cmd/add.go:284.62,286.43 2 1
github.com/lagz0ne/c3-design/cli/cmd/add.go:286.43,288.3 1 0
github.com/lagz0ne/c3-design/cli/cmd/add.go:290.2,295.16 2 1
github.com/lagz0ne/c3-design/cli/cmd/add.go:295.16,297.3 1 0
github.com/lagz0ne/c3-design/cli/cmd/add.go:299.2,309.47 2 1
github.com/lagz0ne/c3-design/cli/cmd/add.go:309.47,311.3 1 0
github.com/lagz0ne/c3-design/cli/cmd/add.go:313.2,314.12 2 1
github.com/lagz0ne/c3-design/cli/cmd/add.go:317.64,319.43 2 1
github.com/lagz0ne/c3-design/cli/cmd/add.go:319.43,321.3 1 1
github.com/lagz0ne/c3-design/cli/cmd/add.go:323.2,326.16 2 1
github.com/lagz0ne/c3-design/cli/cmd/add.go:326.16,328.3 1 0
github.com/lagz0ne/c3-design/cli/cmd/add.go:330.2,340.47 2 1
github.com/lagz0ne/c3-design/cli/cmd/add.go:340.47,342.3 1 0
github.com/lagz0ne/c3-design/cli/cmd/add.go:344.2,345.12 2 1
github.com/lagz0ne/c3-design/cli/cmd/add.go:348.61,350.46 2 1
github.com/lagz0ne/c3-design/cli/cmd/add.go:350.46,352.3 1 0
github.com/lagz0ne/c3-design/cli/cmd/add.go:354.2,360.16 3 1
github.com/lagz0ne/c3-design/cli/cmd/add.go:360.16,362.3 1 0
github.com/lagz0ne/c3-design/cli/cmd/add.go:364.2,374.47 2 1
github.com/lagz0ne/c3-design/cli/cmd/add.go:374.47,376.3 1 0
github.com/lagz0ne/c3-design/cli/cmd/add.go:378.2,379.12 2 1
github.com/lagz0ne/c3-design/cli/cmd/add.go:383.36,386.2 2 1
github.com/lagz0ne/c3-design/cli/cmd/add_rich.go:28.40,30.2 1 1
github.com/lagz0ne/c3-design/cli/cmd/add_rich.go:33.53,34.24 1 1
github.com/lagz0ne/c3-design/cli/cmd/add_rich.go:34.24,36.3 1 1
github.com/lagz0ne/c3-design/cli/cmd/add_rich.go:38.2,38.25 1 1
github.com/lagz0ne/c3-design/cli/cmd/add_rich.go:39.19,40.35 1 1
github.com/lagz0ne/c3-design/cli/cmd/add_rich.go:41.19,42.35 1 1
github.com/lagz0ne/c3-design/cli/cmd/add_rich.go:43.13,44.29 1 1
github.com/lagz0ne/c3-design/cli/cmd/add_rich.go:45.13,46.29 1 1
github.com/lagz0ne/c3-design/cli/cmd/add_rich.go:47.16,48.32 1 1
github.com/lagz0ne/c3-design/cli/cmd/add_rich.go:49.10,50.125 1 1
github.com/lagz0ne/c3-design/cli/cmd/add_rich.go:54.59,56.16 2 1
github.com/lagz0ne/c3-design/cli/cmd/add_rich.go:56.16,58.3 1 0
github.com/lagz0ne/c3-design/cli/cmd/add_rich.go:60.2,61.20 2 1
github.com/lagz0ne/c3-design/cli/cmd/add_rich.go:61.20,63.3 1 1
github.com/lagz0ne/c3-design/cli/cmd/add_rich.go:65.2,94.56 3 1
github.com/lagz0ne/c3-design/cli/cmd/add_rich.go:94.56,96.3 1 0
github.com/lagz0ne/c3-design/cli/cmd/add_rich.go:98.2,99.12 2 1
github.com/lagz0ne/c3-design/cli/cmd/add_rich.go:102.59,103.26 1 1
github.com/lagz0ne/c3-design/cli/cmd/add_rich.go:103.26,105.3 1 1
github.com/lagz0ne/c3-design/cli/cmd/add_rich.go:107.2,108.27 2 1
github.com/lagz0ne/c3-design/cli/cmd/add_rich.go:108.27,110.3 1 1
github.com/lagz0ne/c3-design/cli/cmd/add_rich.go:111.2,113.64 2 1
github.com/lagz0ne/c3-design/cli/cmd/add_rich.go:113.64,115.3 1 1
github.com/lagz0ne/c3-design/cli/cmd/add_rich.go:117.2,118.16 2 1
github.com/lagz0ne/c3-design/cli/cmd/add_rich.go:118.16,120.3 1 0
github.com/lagz0ne/c3-design/cli/cmd/add_rich.go:122.2,123.18 2 1
github.com/lagz0ne/c3-design/cli/cmd/add_rich.go:123.18,125.3 1 1
github.com/lagz0ne/c3-design/cli/cmd/add_rich.go:127.2,156.56 3 1
github.com/lagz0ne/c3-design/cli/cmd/add_rich.go:156.56,158.3 1 0
github.com/lagz0ne/c3-design/cli/cmd/add_rich.go:160.2,161.12 2 1
github.com/lagz0ne/c3-design/cli/cmd/add_rich.go:164.53,166.52 2 1
github.com/lagz0ne/c3-design/cli/cmd/add_rich.go:166.52,168.3 1 1
github.com/lagz0ne/c3-design/cli/cmd/add_rich.go:170.2,192.56 3 1
github.com/lagz0ne/c3-design/cli/cmd/add_rich.go:192.56,194.3 1 0
github.com/lagz0ne/c3-design/cli/cmd/add_rich.go:196.2,197.12 2 1
github.com/lagz0ne/c3-design/cli/cmd/add_rich.go:200.53,202.55 2 1
github.com/lagz0ne/c3-design/cli/cmd/add_rich.go:202.55,204.3 1 1
github.com/lagz0ne/c3-design/cli/cmd/add_rich.go:206.2,233.56 4 1
github.com/lagz0ne/c3-design/cli/cmd/add_rich.go:233.56,235.3 1 0
github.com/lagz0ne/c3-design/cli/cmd/add_rich.go:238.2,245.12 3 1
github.com/lagz0ne/c3-design/cli/cmd/add_rich.go:248.56,250.52 2 1
github.com/lagz0ne/c3-design/cli/cmd/add_rich.go:250.52,252.3 1 1
github.com/lagz0ne/c3-design/cli/cmd/add_rich.go:254.2,276.56 3 1
github.com/lagz0ne/c3-design/cli/cmd/add_rich.go:276.56,278.3 1 0
github.com/lagz0ne/c3-design/cli/cmd/add_rich.go:280.2,281.12 2 1
github.com/lagz0ne/c3-design/cli/cmd/add_rich.go:284.87,289.32 4 1
github.com/lagz0ne/c3-design/cli/cmd/add_rich.go:289.32,291.21 2 1
github.com/lagz0ne/c3-design/cli/cmd/add_rich.go:291.21,292.12 1 1
github.com/lagz0ne/c3-design/cli/cmd/add_rich.go:294.3,294.47 1 1
github.com/lagz0ne/c3-design/cli/cmd/add_rich.go:296.2,301.21 4 1
github.com/lagz0ne/c3-design/cli/cmd/add_rich.go:301.21,303.3 1 0
github.com/lagz0ne/c3-design/cli/cmd/add_rich.go:305.2,305.31 1 1
github.com/lagz0ne/c3-design/cli/cmd/add_rich.go:305.31,308.39 2 1
github.com/lagz0ne/c3-design/cli/cmd/add_rich.go:308.39,310.12 2 1
github.com/lagz0ne/c3-design/cli/cmd/add_rich.go:313.3,313.57 1 1
github.com/lagz0ne/c3-design/cli/cmd/add_rich.go:313.57,318.36 4 1
github.com/lagz0ne/c3-design/cli/cmd/add_rich.go:318.36,321.5 2 1
github.com/lagz0ne/c3-design/cli/cmd/add_rich.go:322.4,323.69 2 1
github.com/lagz0ne/c3-design/cli/cmd/add_rich.go:324.9,326.4 1 1
github.com/lagz0ne/c3-design/cli/cmd/add_rich.go:329.2,329.19 1 1
github.com/lagz0ne/c3-design/cli/cmd/check_enhanced.go:41.59,44.29 3 1
github.com/lagz0ne/c3-design/cli/cmd/check_enhanced.go:44.29,46.43 2 1
github.com/lagz0ne/c3-design/cli/cmd/check_enhanced.go:46.43,47.24 1 0
github.com/lagz0ne/c3-design/cli/cmd/check_enhanced.go:47.24,49.5 1 0
github.com/lagz0ne/c3-design/cli/cmd/check_enhanced.go:50.9,52.4 1 1
github.com/lagz0ne/c3-design/cli/cmd/check_enhanced.go:53.3,53.19 1 1
github.com/lagz0ne/c3-design/cli/cmd/check_enhanced.go:53.19,55.48 2 1
github.com/lagz0ne/c3-design/cli/cmd/check_enhanced.go:55.48,56.25 1 1
github.com/lagz0ne/c3-design/cli/cmd/check_enhanced.go:56.25,58.6 1 1
github.com/lagz0ne/c3-design/cli/cmd/check_enhanced.go:59.10,61.5 1 1
github.com/lagz0ne/c3-design/cli/cmd/check_enhanced.go:64.2,64.10 1 1
github.com/lagz0ne/c3-design/cli/cmd/check_enhanced.go:68.68,69.52 1 1
[...]
github.com/lagz0ne/c3-design/cli/cmd/marketplace.go:136.15,140.3 3 1
github.com/lagz0ne/c3-design/cli/cmd/marketplace.go:142.2,142.30 1 1
github.com/lagz0ne/c3-design/cli/cmd/marketplace.go:142.30,146.3 3 1
github.com/lagz0ne/c3-design/cli/cmd/marketplace.go:148.2,148.37 1 1
github.com/lagz0ne/c3-design/cli/cmd/marketplace.go:148.37,150.28 2 1
github.com/lagz0ne/c3-design/cli/cmd/marketplace.go:150.28,152.4 1 1
github.com/lagz0ne/c3-design/cli/cmd/marketplace.go:153.3,153.31 1 1
github.com/lagz0ne/c3-design/cli/cmd/marketplace.go:153.31,155.4 1 1
github.com/lagz0ne/c3-design/cli/cmd/marketplace.go:157.2,157.12 1 1
github.com/lagz0ne/c3-design/cli/cmd/marketplace.go:160.50,161.25 1 1
github.com/lagz0ne/c3-design/cli/cmd/marketplace.go:161.25,162.32 1 1
github.com/lagz0ne/c3-design/cli/cmd/marketplace.go:162.32,164.4 1 1
github.com/lagz0ne/c3-design/cli/cmd/marketplace.go:166.2,166.14 1 1
github.com/lagz0ne/c3-design/cli/cmd/marketplace.go:170.69,174.23 3 1
github.com/lagz0ne/c3-design/cli/cmd/marketplace.go:174.23,176.3 1 1
github.com/lagz0ne/c3-design/cli/cmd/marketplace.go:178.2,179.16 2 1
github.com/lagz0ne/c3-design/cli/cmd/marketplace.go:179.16,181.3 1 0
github.com/lagz0ne/c3-design/cli/cmd/marketplace.go:183.2,183.30 1 1
github.com/lagz0ne/c3-design/cli/cmd/marketplace.go:183.30,184.59 1 1
github.com/lagz0ne/c3-design/cli/cmd/marketplace.go:184.59,185.12 1 1
github.com/lagz0ne/c3-design/cli/cmd/marketplace.go:187.3,189.17 3 1
github.com/lagz0ne/c3-design/cli/cmd/marketplace.go:189.17,190.12 1 1
github.com/lagz0ne/c3-design/cli/cmd/marketplace.go:192.3,194.13 3 1
github.com/lagz0ne/c3-design/cli/cmd/marketplace.go:197.2,197.108 1 1
github.com/lagz0ne/c3-design/cli/cmd/marketplace.go:201.71,206.16 4 1
github.com/lagz0ne/c3-design/cli/cmd/marketplace.go:206.16,208.3 1 0
github.com/lagz0ne/c3-design/cli/cmd/marketplace.go:210.2,210.23 1 1
github.com/lagz0ne/c3-design/cli/cmd/marketplace.go:210.23,213.3 2 1
github.com/lagz0ne/c3-design/cli/cmd/marketplace.go:215.2,216.30 2 0
github.com/lagz0ne/c3-design/cli/cmd/marketplace.go:216.30,217.59 1 0
github.com/lagz0ne/c3-design/cli/cmd/marketplace.go:217.59,218.12 1 0
github.com/lagz0ne/c3-design/cli/cmd/marketplace.go:220.3,221.52 2 0
github.com/lagz0ne/c3-design/cli/cmd/marketplace.go:221.52,223.12 2 0
github.com/lagz0ne/c3-design/cli/cmd/marketplace.go:225.3,226.44 2 0
github.com/lagz0ne/c3-design/cli/cmd/marketplace.go:229.2,229.19 1 0
github.com/lagz0ne/c3-design/cli/cmd/marketplace.go:229.19,231.3 1 0
github.com/lagz0ne/c3-design/cli/cmd/marketplace.go:232.2,232.12 1 0
github.com/lagz0ne/c3-design/cli/cmd/marketplace.go:236.71,240.27 3 1
github.com/lagz0ne/c3-design/cli/cmd/marketplace.go:240.27,242.3 1 1
github.com/lagz0ne/c3-design/cli/cmd/marketplace.go:244.2,247.52 3 1
github.com/lagz0ne/c3-design/cli/cmd/marketplace.go:247.52,249.3 1 1
github.com/lagz0ne/c3-design/cli/cmd/marketplace.go:251.2,252.12 2 1
github.com/lagz0ne/c3-design/cli/cmd/marketplace.go:255.45,256.20 1 1
github.com/lagz0ne/c3-design/cli/cmd/marketplace.go:256.20,258.3 1 1
github.com/lagz0ne/c3-design/cli/cmd/marketplace.go:259.2,259.37 1 1
github.com/lagz0ne/c3-design/cli/cmd/migrate.go:17.56,18.12 1 1
github.com/lagz0ne/c3-design/cli/cmd/migrate.go:19.30,20.18 1 1
github.com/lagz0ne/c3-design/cli/cmd/migrate.go:21.32,22.21 1 1
github.com/lagz0ne/c3-design/cli/cmd/migrate.go:23.32,24.21 1 1
github.com/lagz0ne/c3-design/cli/cmd/migrate.go:25.26,26.15 1 1
github.com/lagz0ne/c3-design/cli/cmd/migrate.go:27.26,28.15 1 1
github.com/lagz0ne/c3-design/cli/cmd/migrate.go:29.27,30.16 1 0
github.com/lagz0ne/c3-design/cli/cmd/migrate.go:31.29,32.18 1 0
github.com/lagz0ne/c3-design/cli/cmd/migrate.go:33.10,34.12 1 0
github.com/lagz0ne/c3-design/cli/cmd/migrate.go:40.70,42.43 2 1
github.com/lagz0ne/c3-design/cli/cmd/migrate.go:42.43,44.3 1 1
github.com/lagz0ne/c3-design/cli/cmd/migrate.go:47.2,48.16 2 1
github.com/lagz0ne/c3-design/cli/cmd/migrate.go:48.16,50.3 1 0
github.com/lagz0ne/c3-design/cli/cmd/migrate.go:52.2,52.30 1 1
github.com/lagz0ne/c3-design/cli/cmd/migrate.go:52.30,53.40 1 0
github.com/lagz0ne/c3-design/cli/cmd/migrate.go:53.40,55.4 1 0
github.com/lagz0ne/c3-design/cli/cmd/migrate.go:58.2,58.27 1 1
github.com/lagz0ne/c3-design/cli/cmd/migrate.go:58.27,60.3 1 0
github.com/lagz0ne/c3-design/cli/cmd/migrate.go:63.2,64.16 2 1
github.com/lagz0ne/c3-design/cli/cmd/migrate.go:64.16,66.3 1 0
github.com/lagz0ne/c3-design/cli/cmd/migrate.go:67.2,75.34 5 1
github.com/lagz0ne/c3-design/cli/cmd/migrate.go:75.34,79.22 4 1
github.com/lagz0ne/c3-design/cli/cmd/migrate.go:79.22,81.12 2 0
github.com/lagz0ne/c3-design/cli/cmd/migrate.go:84.3,86.18 3 1
github.com/lagz0ne/c3-design/cli/cmd/migrate.go:86.18,88.4 1 0
github.com/lagz0ne/c3-design/cli/cmd/migrate.go:91.3,92.24 2 1
github.com/lagz0ne/c3-design/cli/cmd/migrate.go:92.24,93.55 1 0
github.com/lagz0ne/c3-design/cli/cmd/migrate.go:93.55,95.5 1 0
github.com/lagz0ne/c3-design/cli/cmd/migrate.go:98.3,114.26 2 1
github.com/lagz0ne/c3-design/cli/cmd/migrate.go:114.26,116.4 1 1
github.com/lagz0ne/c3-design/cli/cmd/migrate.go:118.3,118.48 1 1
github.com/lagz0ne/c3-design/cli/cmd/migrate.go:118.48,120.4 1 0
github.com/lagz0ne/c3-design/cli/cmd/migrate.go:121.3,124.59 3 1
github.com/lagz0ne/c3-design/cli/cmd/migrate.go:128.2,128.34 1 1
github.com/lagz0ne/c3-design/cli/cmd/migrate.go:128.34,131.35 3 1
github.com/lagz0ne/c3-design/cli/cmd/migrate.go:131.35,132.12 1 0
github.com/lagz0ne/c3-design/cli/cmd/migrate.go:136.3,146.5 1 1
github.com/lagz0ne/c3-design/cli/cmd/migrate.go:146.5,147.34 1 1
github.com/lagz0ne/c3-design/cli/cmd/migrate.go:147.34,149.18 2 1
github.com/lagz0ne/c3-design/cli/cmd/migrate.go:149.18,151.6 1 1
github.com/lagz0ne/c3-design/cli/cmd/migrate.go:152.5,152.69 1 1
github.com/lagz0ne/c3-design/cli/cmd/migrate.go:152.69,154.6 1 0
github.com/lagz0ne/c3-design/cli/cmd/migrate.go:154.11,156.6 1 1
github.com/lagz0ne/c3-design/cli/cmd/migrate.go:161.3,161.40 1 1
github.com/lagz0ne/c3-design/cli/cmd/migrate.go:161.40,162.30 1 0
github.com/lagz0ne/c3-design/cli/cmd/migrate.go:163.16,164.58 1 0
github.com/lagz0ne/c3-design/cli/cmd/migrate.go:164.58,166.6 1 0
github.com/lagz0ne/c3-design/cli/cmd/migrate.go:166.11,168.6 1 0
github.com/lagz0ne/c3-design/cli/cmd/migrate.go:169.15,170.28 1 0
github.com/lagz0ne/c3-design/cli/cmd/migrate.go:170.28,171.37 1 0
github.com/lagz0ne/c3-design/cli/cmd/migrate.go:171.37,172.61 1 0
github.com/lagz0ne/c3-design/cli/cmd/migrate.go:172.61,174.8 1 0
github.com/lagz0ne/c3-design/cli/cmd/migrate.go:174.13,176.8 1 0
github.com/lagz0ne/c3-design/cli/cmd/migrate.go:184.2,186.16 3 1
github.com/lagz0ne/c3-design/cli/cmd/migrate.go:186.16,188.3 1 0
github.com/lagz0ne/c3-design/cli/cmd/migrate.go:188.8,190.29 2 1
github.com/lagz0ne/c3-design/cli/cmd/migrate.go:190.29,191.24 1 1
github.com/lagz0ne/c3-design/cli/cmd/migrate.go:191.24,192.35 1 1
github.com/lagz0ne/c3-design/cli/cmd/migrate.go:192.35,193.23 1 1
github.com/lagz0ne/c3-design/cli/cmd/migrate.go:193.23,194.51 1 1
github.com/lagz0ne/c3-design/cli/cmd/migrate.go:194.51,196.8 1 0
github.com/lagz0ne/c3-design/cli/cmd/migrate.go:199.5,199.13 1 1
github.com/lagz0ne/c3-design/cli/cmd/migrate.go:202.4,203.28 2 1
github.com/lagz0ne/c3-design/cli/cmd/migrate.go:203.28,204.16 1 1
github.com/lagz0ne/c3-design/cli/cmd/migrate.go:204.16,206.6 1 1
github.com/lagz0ne/c3-design/cli/cmd/migrate.go:208.4,208.26 1 1
github.com/lagz0ne/c3-design/cli/cmd/migrate.go:208.26,209.13 1 0
github.com/lagz0ne/c3-design/cli/cmd/migrate.go:212.4,212.45 1 1
github.com/lagz0ne/c3-design/cli/cmd/migrate.go:212.45,214.13 2 0
github.com/lagz0ne/c3-design/cli/cmd/migrate.go:216.4,216.53 1 1
github.com/lagz0ne/c3-design/cli/cmd/migrate.go:216.53,218.5 1 0
github.com/lagz0ne/c3-design/cli/cmd/migrate.go:218.10,220.5 1 1
github.com/lagz0ne/c3-design/cli/cmd/migrate.go:222.3,222.18 1 1
github.com/lagz0ne/c3-design/cli/cmd/migrate.go:222.18,224.4 1 1
github.com/lagz0ne/c3-design/cli/cmd/migrate.go:227.2,230.20 2 1
github.com/lagz0ne/c3-design/cli/cmd/migrate.go:230.20,232.41 1 1
github.com/lagz0ne/c3-design/cli/cmd/migrate.go:232.41,235.4 2 1
github.com/lagz0ne/c3-design/cli/cmd/migrate.go:237.3,242.73 4 1
github.com/lagz0ne/c3-design/cli/cmd/migrate.go:245.2,245.12 1 1
github.com/lagz0ne/c3-design/cli/cmd/migrate.go:249.69,250.16 1 1
github.com/lagz0ne/c3-design/cli/cmd/migrate.go:250.16,252.3 1 0
github.com/lagz0ne/c3-design/cli/cmd/migrate.go:253.2,258.16 2 1
github.com/lagz0ne/c3-design/cli/cmd/migrate.go:258.16,260.3 1 0
github.com/lagz0ne/c3-design/cli/cmd/migrate.go:261.2,261.12 1 1
github.com/lagz0ne/c3-design/cli/cmd/migrate.go:266.35,267.75 1 1
github.com/lagz0ne/c3-design/cli/cmd/migrate.go:267.75,268.50 1 1
github.com/lagz0ne/c3-design/cli/cmd/migrate.go:268.50,270.4 1 1
github.com/lagz0ne/c3-design/cli/cmd/migrate.go:271.3,272.38 2 1
github.com/lagz0ne/c3-design/cli/cmd/migrate.go:272.38,274.4 1 1
github.com/lagz0ne/c3-design/cli/cmd/migrate.go:275.3,275.13 1 1
github.com/lagz0ne/c3-design/cli/cmd/migrate.go:278.2,278.75 1 1
github.com/lagz0ne/c3-design/cli/cmd/migrate.go:278.75,279.50 1 1
github.com/lagz0ne/c3-design/cli/cmd/migrate.go:279.50,281.4 1 1
github.com/lagz0ne/c3-design/cli/cmd/migrate.go:282.3,283.38 2 0
github.com/lagz0ne/c3-design/cli/cmd/migrate.go:283.38,285.4 1 0
github.com/lagz0ne/c3-design/cli/cmd/migrate.go:286.3,286.13 1 0
github.com/lagz0ne/c3-design/cli/cmd/options.go:42.39,48.33 5 1
github.com/lagz0ne/c3-design/cli/cmd/options.go:48.33,50.14 2 1
github.com/lagz0ne/c3-design/cli/cmd/options.go:51.17,52.20 1 1
github.com/lagz0ne/c3-design/cli/cmd/options.go:53.17,54.20 1 1
github.com/lagz0ne/c3-design/cli/cmd/options.go:55.20,56.23 1 1
github.com/lagz0ne/c3-design/cli/cmd/options.go:57.20,58.23 1 1
github.com/lagz0ne/c3-design/cli/cmd/options.go:59.23,60.20 1 1
github.com/lagz0ne/c3-design/cli/cmd/options.go:61.26,62.23 1 1
github.com/lagz0ne/c3-design/cli/cmd/options.go:63.22,64.23 1 1
github.com/lagz0ne/c3-design/cli/cmd/options.go:64.23,67.5 2 1
github.com/lagz0ne/c3-design/cli/cmd/options.go:68.19,69.23 1 1
github.com/lagz0ne/c3-design/cli/cmd/options.go:69.23,72.5 2 1
github.com/lagz0ne/c3-design/cli/cmd/options.go:73.17,74.23 1 1
github.com/lagz0ne/c3-design/cli/cmd/options.go:74.23,77.5 2 1
github.com/lagz0ne/c3-design/cli/cmd/options.go:78.20,79.23 1 1
github.com/lagz0ne/c3-design/cli/cmd/options.go:79.23,82.5 2 1
github.com/lagz0ne/c3-design/cli/cmd/options.go:83.21,84.23 1 1
github.com/lagz0ne/c3-design/cli/cmd/options.go:84.23,87.5 2 1
github.com/lagz0ne/c3-design/cli/cmd/options.go:88.18,89.23 1 1
github.com/lagz0ne/c3-design/cli/cmd/options.go:89.23,92.5 2 1
github.com/lagz0ne/c3-design/cli/cmd/options.go:93.20,94.23 1 1
github.com/lagz0ne/c3-design/cli/cmd/options.go:94.23,97.5 2 1
github.com/lagz0ne/c3-design/cli/cmd/options.go:98.19,99.22 1 1
github.com/lagz0ne/c3-design/cli/cmd/options.go:100.24,101.26 1 1
github.com/lagz0ne/c3-design/cli/cmd/options.go:102.16,103.19 1 1
github.com/lagz0ne/c3-design/cli/cmd/options.go:104.19,105.22 1 1
github.com/lagz0ne/c3-design/cli/cmd/options.go:106.20,107.22 1 1
github.com/lagz0ne/c3-design/cli/cmd/options.go:108.18,109.23 1 1
github.com/lagz0ne/c3-design/cli/cmd/options.go:109.23,112.5 2 1
github.com/lagz0ne/c3-design/cli/cmd/options.go:113.22,114.23 1 1
github.com/lagz0ne/c3-design/cli/cmd/options.go:114.23,117.5 2 1
github.com/lagz0ne/c3-design/cli/cmd/options.go:118.19,119.23 1 1
github.com/lagz0ne/c3-design/cli/cmd/options.go:119.23,122.5 2 1
github.com/lagz0ne/c3-design/cli/cmd/options.go:123.17,124.23 1 1
github.com/lagz0ne/c3-design/cli/cmd/options.go:124.23,127.5 2 1
github.com/lagz0ne/c3-design/cli/cmd/options.go:128.17,129.20 1 1
github.com/lagz0ne/c3-design/cli/cmd/options.go:130.27,131.29 1 1
github.com/lagz0ne/c3-design/cli/cmd/options.go:132.18,133.23 1 1
github.com/lagz0ne/c3-design/cli/cmd/options.go:133.23,136.5 2 1
github.com/lagz0ne/c3-design/cli/cmd/options.go:137.19,138.23 1 0
github.com/lagz0ne/c3-design/cli/cmd/options.go:138.23,141.5 2 0
github.com/lagz0ne/c3-design/cli/cmd/options.go:142.16,143.23 1 0
github.com/lagz0ne/c3-design/cli/cmd/options.go:143.23,146.5 2 0
github.com/lagz0ne/c3-design/cli/cmd/options.go:147.11,148.28 1 1
github.com/lagz0ne/c3-design/cli/cmd/options.go:152.2,152.19 1 1
github.com/lagz0ne/c3-design/cli/cmd/options.go:152.19,155.3 2 1
github.com/lagz0ne/c3-design/cli/cmd/options.go:158.2,158.16 1 1
github.com/lagz0ne/c3-design/cli/cmd/options.go:158.16,159.53 1 1
github.com/lagz0ne/c3-design/cli/cmd/options.go:159.53,161.4 1 1
github.com/lagz0ne/c3-design/cli/cmd/options.go:164.2,164.13 1 1
github.com/lagz0ne/c3-design/cli/cmd/query.go:20.53,21.22 1 1
github.com/lagz0ne/c3-design/cli/cmd/query.go:21.22,23.3 1 1
github.com/lagz0ne/c3-design/cli/cmd/query.go:25.2,28.20 3 1
github.com/lagz0ne/c3-design/cli/cmd/query.go:28.20,30.3 1 1
github.com/lagz0ne/c3-design/cli/cmd/query.go:30.8,30.34 1 1
github.com/lagz0ne/c3-design/cli/cmd/query.go:30.34,32.3 1 1
github.com/lagz0ne/c3-design/cli/cmd/query.go:32.8,34.3 1 1
github.com/lagz0ne/c3-design/cli/cmd/query.go:35.2,35.16 1 1
github.com/lagz0ne/c3-design/cli/cmd/query.go:35.16,37.3 1 0
github.com/lagz0ne/c3-design/cli/cmd/query.go:39.2,39.23 1 1
github.com/lagz0ne/c3-design/cli/cmd/query.go:39.23,42.3 2 1
github.com/lagz0ne/c3-design/cli/cmd/query.go:44.2,44.15 1 1
github.com/lagz0ne/c3-design/cli/cmd/query.go:44.15,46.3 1 1
github.com/lagz0ne/c3-design/cli/cmd/query.go:48.2,48.28 1 1
github.com/lagz0ne/c3-design/cli/cmd/query.go:48.28,50.22 2 1
github.com/lagz0ne/c3-design/cli/cmd/query.go:50.22,52.4 1 1
github.com/lagz0ne/c3-design/cli/cmd/query.go:54.2,54.12 1 1
github.com/lagz0ne/c3-design/cli/cmd/schema.go:17.71,19.21 2 1
github.com/lagz0ne/c3-design/cli/cmd/schema.go:19.21,21.3 1 1
github.com/lagz0ne/c3-design/cli/cmd/schema.go:23.2,23.16 1 1
github.com/lagz0ne/c3-design/cli/cmd/schema.go:23.16,29.3 2 1
github.com/lagz0ne/c3-design/cli/cmd/schema.go:32.2,33.29 2 1
github.com/lagz0ne/c3-design/cli/cmd/schema.go:33.29,35.17 2 1
github.com/lagz0ne/c3-design/cli/cmd/schema.go:35.17,37.4 1 1
github.com/lagz0ne/c3-design/cli/cmd/schema.go:38.3,39.33 2 1
github.com/lagz0ne/c3-design/cli/cmd/schema.go:39.33,41.4 1 1
github.com/lagz0ne/c3-design/cli/cmd/schema.go:43.2,43.12 1 1
github.com/lagz0ne/c3-design/cli/cmd/set.go:16.33,18.32 2 1
github.com/lagz0ne/c3-design/cli/cmd/set.go:18.32,20.3 1 1
github.com/lagz0ne/c3-design/cli/cmd/set.go:21.2,22.45 2 1
github.com/lagz0ne/c3-design/cli/cmd/set.go:37.49,39.16 2 1
github.com/lagz0ne/c3-design/cli/cmd/set.go:39.16,41.3 1 1
github.com/lagz0ne/c3-design/cli/cmd/set.go:43.2,43.24 1 1
github.com/lagz0ne/c3-design/cli/cmd/set.go:43.24,45.3 1 1
github.com/lagz0ne/c3-design/cli/cmd/set.go:46.2,46.37 1 1
github.com/lagz0ne/c3-design/cli/cmd/set.go:50.76,52.20 1 1
github.com/lagz0ne/c3-design/cli/cmd/set.go:53.14,54.27 1 1
github.com/lagz0ne/c3-design/cli/cmd/set.go:55.17,56.30 1 1
github.com/lagz0ne/c3-design/cli/cmd/set.go:57.16,58.29 1 1
github.com/lagz0ne/c3-design/cli/cmd/set.go:59.18,60.31 1 1
github.com/lagz0ne/c3-design/cli/cmd/set.go:61.18,62.31 1 1
github.com/lagz0ne/c3-design/cli/cmd/set.go:63.15,64.28 1 1
github.com/lagz0ne/c3-design/cli/cmd/set.go:65.14,66.27 1 1
github.com/lagz0ne/c3-design/cli/cmd/set.go:67.21,68.34 1 1
github.com/lagz0ne/c3-design/cli/cmd/set.go:69.10,70.52 1 1
github.com/lagz0ne/c3-design/cli/cmd/set.go:73.2,73.56 1 1
github.com/lagz0ne/c3-design/cli/cmd/set.go:73.56,75.3 1 0
github.com/lagz0ne/c3-design/cli/cmd/set.go:77.2,78.12 2 1
github.com/lagz0ne/c3-design/cli/cmd/set.go:82.78,87.17 4 1
github.com/lagz0ne/c3-design/cli/cmd/set.go:87.17,90.66 2 1
github.com/lagz0ne/c3-design/cli/cmd/set.go:90.66,92.4 1 1
github.com/lagz0ne/c3-design/cli/cmd/set.go:93.3,94.17 2 1
github.com/lagz0ne/c3-design/cli/cmd/set.go:94.17,96.4 1 0
github.com/lagz0ne/c3-design/cli/cmd/set.go:97.8,97.36 1 1
github.com/lagz0ne/c3-design/cli/cmd/set.go:97.36,100.67 2 1
github.com/lagz0ne/c3-design/cli/cmd/set.go:100.67,102.4 1 0
github.com/lagz0ne/c3-design/cli/cmd/set.go:104.3,105.17 2 1
github.com/lagz0ne/c3-design/cli/cmd/set.go:105.17,107.4 1 0
github.com/lagz0ne/c3-design/cli/cmd/set.go:108.3,109.27 2 1
github.com/lagz0ne/c3-design/cli/cmd/set.go:109.27,111.4 1 1
github.com/lagz0ne/c3-design/cli/cmd/set.go:111.9,113.21 1 0
github.com/lagz0ne/c3-design/cli/cmd/set.go:113.21,114.28 1 0
github.com/lagz0ne/c3-design/cli/cmd/set.go:114.28,116.6 1 0
github.com/lagz0ne/c3-design/cli/cmd/set.go:119.3,124.17 3 1
github.com/lagz0ne/c3-design/cli/cmd/set.go:124.17,126.4 1 0
github.com/lagz0ne/c3-design/cli/cmd/set.go:127.8,130.17 2 1
github.com/lagz0ne/c3-design/cli/cmd/set.go:130.17,132.4 1 1
github.com/lagz0ne/c3-design/cli/cmd/set.go:135.2,136.56 2 1
github.com/lagz0ne/c3-design/cli/cmd/set.go:136.56,138.3 1 0
github.com/lagz0ne/c3-design/cli/cmd/set.go:140.2,141.12 2 1
github.com/lagz0ne/c3-design/cli/cmd/wire.go:13.64,14.42 1 1
github.com/lagz0ne/c3-design/cli/cmd/wire.go:14.42,16.3 1 1
github.com/lagz0ne/c3-design/cli/cmd/wire.go:17.2,17.30 1 1
github.com/lagz0ne/c3-design/cli/cmd/wire.go:21.90,22.24 1 1
github.com/lagz0ne/c3-design/cli/cmd/wire.go:22.24,24.3 1 1
github.com/lagz0ne/c3-design/cli/cmd/wire.go:25.2,25.28 1 1
github.com/lagz0ne/c3-design/cli/cmd/wire.go:25.28,27.3 1 1
github.com/lagz0ne/c3-design/cli/cmd/wire.go:30.2,31.16 2 1
github.com/lagz0ne/c3-design/cli/cmd/wire.go:31.16,33.3 1 1
github.com/lagz0ne/c3-design/cli/cmd/wire.go:34.2,34.49 1 1
github.com/lagz0ne/c3-design/cli/cmd/wire.go:34.49,36.3 1 1
github.com/lagz0ne/c3-design/cli/cmd/wire.go:39.2,43.17 1 1
github.com/lagz0ne/c3-design/cli/cmd/wire.go:43.17,45.3 1 0
github.com/lagz0ne/c3-design/cli/cmd/wire.go:48.2,52.17 2 1
github.com/lagz0ne/c3-design/cli/cmd/wire.go:52.17,54.3 1 0
github.com/lagz0ne/c3-design/cli/cmd/wire.go:56.2,57.12 2 1
github.com/lagz0ne/c3-design/cli/cmd/wire.go:61.92,62.24 1 1
github.com/lagz0ne/c3-design/cli/cmd/wire.go:62.24,64.3 1 1
github.com/lagz0ne/c3-design/cli/cmd/wire.go:65.2,65.28 1 1
github.com/lagz0ne/c3-design/cli/cmd/wire.go:65.28,67.3 1 1
github.com/lagz0ne/c3-design/cli/cmd/wire.go:69.2,70.16 2 1
github.com/lagz0ne/c3-design/cli/cmd/wire.go:70.16,72.3 1 1
github.com/lagz0ne/c3-design/cli/cmd/wire.go:73.2,73.49 1 1
github.com/lagz0ne/c3-design/cli/cmd/wire.go:73.49,75.3 1 1
github.com/lagz0ne/c3-design/cli/cmd/wire.go:78.2,82.17 1 1
github.com/lagz0ne/c3-design/cli/cmd/wire.go:82.17,84.3 1 0
github.com/lagz0ne/c3-design/cli/cmd/wire.go:87.2,88.90 2 1
github.com/lagz0ne/c3-design/cli/cmd/wire.go:88.90,90.3 1 0
github.com/lagz0ne/c3-design/cli/cmd/wire.go:92.2,93.12 2 1
github.com/lagz0ne/c3-design/cli/cmd/wire.go:97.138,99.16 2 1
github.com/lagz0ne/c3-design/cli/cmd/wire.go:99.16,101.3 1 0
github.com/lagz0ne/c3-design/cli/cmd/wire.go:104.2,105.16 2 1
github.com/lagz0ne/c3-design/cli/cmd/wire.go:105.16,108.3 1 1
github.com/lagz0ne/c3-design/cli/cmd/wire.go:109.2,109.18 1 1
github.com/lagz0ne/c3-design/cli/cmd/wire.go:109.18,110.32 1 1
github.com/lagz0ne/c3-design/cli/cmd/wire.go:110.32,111.31 1 1
github.com/lagz0ne/c3-design/cli/cmd/wire.go:111.31,113.5 1 1
github.com/lagz0ne/c3-design/cli/cmd/wire.go:117.2,118.16 2 1
github.com/lagz0ne/c3-design/cli/cmd/wire.go:118.16,120.3 1 0
github.com/lagz0ne/c3-design/cli/cmd/wire.go:122.2,123.31 2 1
github.com/lagz0ne/c3-design/cli/cmd/wire.go:127.110,129.16 2 1
github.com/lagz0ne/c3-design/cli/cmd/wire.go:129.16,131.3 1 0
github.com/lagz0ne/c3-design/cli/cmd/wire.go:133.2,134.32 2 1
github.com/lagz0ne/c3-design/cli/cmd/wire.go:134.32,136.3 1 0
github.com/lagz0ne/c3-design/cli/cmd/wire.go:138.2,139.31 2 1
github.com/lagz0ne/c3-design/cli/cmd/wire.go:139.31,140.30 1 1
github.com/lagz0ne/c3-design/cli/cmd/wire.go:140.30,142.4 1 1
github.com/lagz0ne/c3-design/cli/cmd/wire.go:145.2,145.21 1 1
github.com/lagz0ne/c3-design/cli/cmd/wire.go:145.21,147.3 1 1
github.com/lagz0ne/c3-design/cli/cmd/wire.go:148.2,151.16 3 1
github.com/lagz0ne/c3-design/cli/cmd/wire.go:151.16,153.3 1 0
github.com/lagz0ne/c3-design/cli/cmd/wire.go:155.2,156.31 2 1
